#
# There is insufficient memory for the Java Runtime Environment to continue.
# Native memory allocation (malloc) failed to allocate 32744 bytes for ChunkPool::allocate
# Possible reasons:
#   The system is out of physical RAM or swap space
#   The process is running with CompressedOops enabled, and the Java Heap may be blocking the growth of the native heap
# Possible solutions:
#   Reduce memory load on the system
#   Increase physical memory or swap space
#   Check if swap backing store is full
#   Decrease Java heap size (-Xmx/-Xms)
#   Decrease number of Java threads
#   Decrease Java thread stack sizes (-Xss)
#   Set larger code cache with -XX:ReservedCodeCacheSize=
#   JVM is running with Zero Based Compressed Oops mode in which the Java heap is
#     placed in the first 32GB address space. The Java Heap base address is the
#     maximum limit for the native heap growth. Please use -XX:HeapBaseMinAddress
#     to set the Java Heap base and to place the Java Heap above 32GB virtual address.
# This output file may be truncated or incomplete.
#
#  Out of Memory Error (arena.cpp:79), pid=27952, tid=27652
#
# JRE version: Java(TM) SE Runtime Environment (16.0.2+7) (build 16.0.2+7-67)
# Java VM: Java HotSpot(TM) 64-Bit Server VM (16.0.2+7-67, mixed mode, tiered, compressed oops, compressed class ptrs, g1 gc, windows-amd64)
# No core dump will be written. Minidumps are not enabled by default on client versions of Windows
#

---------------  S U M M A R Y ------------

Command Line: -Dfile.encoding=Cp1252 -XX:+ShowCodeDetailsInExceptionMessages Libreria

Host: AMD Ryzen 3 3200G with Radeon Vega Graphics    , 4 cores, 13G,  Windows 10 , 64 bit Build 19041 (10.0.19041.1202)
Time: Thu Sep 30 11:25:59 2021 Hora estándar de Argentina elapsed time: 0.118510 seconds (0d 0h 0m 0s)

---------------  T H R E A D  ---------------

Current thread (0x0000022ee34178e0):  JavaThread "C2 CompilerThread0" daemon [_thread_in_vm, id=27652, stack(0x000000f968200000,0x000000f968300000)]

Stack: [0x000000f968200000,0x000000f968300000]
Native frames: (J=compiled Java code, j=interpreted, Vv=VM code, C=native code)
V  [jvm.dll+0x6681ca]
V  [jvm.dll+0x7c9e69]
V  [jvm.dll+0x7cb61e]
V  [jvm.dll+0x7cbc73]
V  [jvm.dll+0x242c55]
V  [jvm.dll+0xae10f]
V  [jvm.dll+0xae45c]
V  [jvm.dll+0x5f428f]
V  [jvm.dll+0x5f442f]
V  [jvm.dll+0x5f442f]
V  [jvm.dll+0x5f442f]
V  [jvm.dll+0x5fa347]
V  [jvm.dll+0x5fb1da]
V  [jvm.dll+0x5f979c]
V  [jvm.dll+0x215b58]
V  [jvm.dll+0x2143ca]
V  [jvm.dll+0x6c2e2e]
V  [jvm.dll+0x6c29c4]
V  [jvm.dll+0x1a1ddd]
V  [jvm.dll+0x223f4c]
V  [jvm.dll+0x22305a]
V  [jvm.dll+0x77fa62]
V  [jvm.dll+0x7795aa]
V  [jvm.dll+0x667066]
C  [ucrtbase.dll+0x21bb2]
C  [KERNEL32.DLL+0x17034]
C  [ntdll.dll+0x52651]


---------------  P R O C E S S  ---------------

Threads class SMR info:
_java_thread_list=0x0000022ee2977250, length=10, elements={
0x0000022ebf9066d0, 0x0000022ee2968250, 0x0000022ee296ba50, 0x0000022ee3414160,
0x0000022ee3415a80, 0x0000022ee3416390, 0x0000022ee3416ca0, 0x0000022ee34178e0,
0x0000022ee2988f80, 0x0000022ee298dca0
}

Java Threads: ( => current thread )
  0x0000022ebf9066d0 JavaThread "main" [_thread_in_vm, id=28216, stack(0x000000f967500000,0x000000f967600000)]
  0x0000022ee2968250 JavaThread "Reference Handler" daemon [_thread_blocked, id=26748, stack(0x000000f967c00000,0x000000f967d00000)]
  0x0000022ee296ba50 JavaThread "Finalizer" daemon [_thread_blocked, id=26152, stack(0x000000f967d00000,0x000000f967e00000)]
  0x0000022ee3414160 JavaThread "Signal Dispatcher" daemon [_thread_blocked, id=26860, stack(0x000000f967e00000,0x000000f967f00000)]
  0x0000022ee3415a80 JavaThread "Attach Listener" daemon [_thread_blocked, id=18472, stack(0x000000f967f00000,0x000000f968000000)]
  0x0000022ee3416390 JavaThread "Service Thread" daemon [_thread_blocked, id=24736, stack(0x000000f968000000,0x000000f968100000)]
  0x0000022ee3416ca0 JavaThread "Monitor Deflation Thread" daemon [_thread_blocked, id=22844, stack(0x000000f968100000,0x000000f968200000)]
=>0x0000022ee34178e0 JavaThread "C2 CompilerThread0" daemon [_thread_in_vm, id=27652, stack(0x000000f968200000,0x000000f968300000)]
  0x0000022ee2988f80 JavaThread "C1 CompilerThread0" daemon [_thread_blocked, id=26508, stack(0x000000f968300000,0x000000f968400000)]
  0x0000022ee298dca0 JavaThread "Sweeper thread" daemon [_thread_blocked, id=25748, stack(0x000000f968400000,0x000000f968500000)]

Other Threads:
  0x0000022ee2950f40 VMThread "VM Thread" [stack: 0x000000f967b00000,0x000000f967c00000] [id=27828]
  0x0000022ebf9522b0 GCTaskThread "GC Thread#0" [stack: 0x000000f967600000,0x000000f967700000] [id=26960]
  0x0000022ebf961200 ConcurrentGCThread "G1 Main Marker" [stack: 0x000000f967700000,0x000000f967800000] [id=24596]
  0x0000022ebf9624e0 ConcurrentGCThread "G1 Conc#0" [stack: 0x000000f967800000,0x000000f967900000] [id=26276]
  0x0000022ee27b0090 ConcurrentGCThread "G1 Refine#0" [stack: 0x000000f967900000,0x000000f967a00000] [id=26788]
  0x0000022ee27b1240 ConcurrentGCThread "G1 Service" [stack: 0x000000f967a00000,0x000000f967b00000] [id=28016]

Threads with active compile tasks:

VM state: not at safepoint (normal execution)

VM Mutex/Monitor currently owned by a thread: None

Heap address: 0x0000000721000000, size: 3568 MB, Compressed Oops mode: Zero based, Oop shift amount: 3

CDS disabled.
Compressed class space mapped at: 0x0000000800000000-0x0000000840000000, reserved size: 1073741824
Narrow klass base: 0x0000000800000000, Narrow klass shift: 0, Narrow klass range: 0x40000000

GC Precious Log:
 CPUs: 4 total, 4 available
 Memory: 14267M
 Large Page Support: Disabled
 NUMA Support: Disabled
 Compressed Oops: Enabled (Zero based)
 Heap Region Size: 2M
 Heap Min Capacity: 8M
 Heap Initial Capacity: 224M
 Heap Max Capacity: 3568M
 Pre-touch: Disabled
 Parallel Workers: 4
 Concurrent Workers: 1
 Concurrent Refinement Workers: 4
 Periodic GC: Disabled

Heap:
 garbage-first heap   total 229376K, used 0K [0x0000000721000000, 0x0000000800000000)
  region size 2048K, 1 young (2048K), 0 survivors (0K)
 Metaspace       used 2841K, committed 2944K, reserved 1056768K
  class space    used 213K, committed 256K, reserved 1048576K

Heap Regions: E=young(eden), S=young(survivor), O=old, HS=humongous(starts), HC=humongous(continues), CS=collection set, F=free, OA=open archive, CA=closed archive, TAMS=top-at-mark-start (previous, next)
|   0|0x0000000721000000, 0x0000000721000000, 0x0000000721200000|  0%| F|  |TAMS 0x0000000721000000, 0x0000000721000000| Untracked 
|   1|0x0000000721200000, 0x0000000721200000, 0x0000000721400000|  0%| F|  |TAMS 0x0000000721200000, 0x0000000721200000| Untracked 
|   2|0x0000000721400000, 0x0000000721400000, 0x0000000721600000|  0%| F|  |TAMS 0x0000000721400000, 0x0000000721400000| Untracked 
|   3|0x0000000721600000, 0x0000000721600000, 0x0000000721800000|  0%| F|  |TAMS 0x0000000721600000, 0x0000000721600000| Untracked 
|   4|0x0000000721800000, 0x0000000721800000, 0x0000000721a00000|  0%| F|  |TAMS 0x0000000721800000, 0x0000000721800000| Untracked 
|   5|0x0000000721a00000, 0x0000000721a00000, 0x0000000721c00000|  0%| F|  |TAMS 0x0000000721a00000, 0x0000000721a00000| Untracked 
|   6|0x0000000721c00000, 0x0000000721c00000, 0x0000000721e00000|  0%| F|  |TAMS 0x0000000721c00000, 0x0000000721c00000| Untracked 
|   7|0x0000000721e00000, 0x0000000721e00000, 0x0000000722000000|  0%| F|  |TAMS 0x0000000721e00000, 0x0000000721e00000| Untracked 
|   8|0x0000000722000000, 0x0000000722000000, 0x0000000722200000|  0%| F|  |TAMS 0x0000000722000000, 0x0000000722000000| Untracked 
|   9|0x0000000722200000, 0x0000000722200000, 0x0000000722400000|  0%| F|  |TAMS 0x0000000722200000, 0x0000000722200000| Untracked 
|  10|0x0000000722400000, 0x0000000722400000, 0x0000000722600000|  0%| F|  |TAMS 0x0000000722400000, 0x0000000722400000| Untracked 
|  11|0x0000000722600000, 0x0000000722600000, 0x0000000722800000|  0%| F|  |TAMS 0x0000000722600000, 0x0000000722600000| Untracked 
|  12|0x0000000722800000, 0x0000000722800000, 0x0000000722a00000|  0%| F|  |TAMS 0x0000000722800000, 0x0000000722800000| Untracked 
|  13|0x0000000722a00000, 0x0000000722a00000, 0x0000000722c00000|  0%| F|  |TAMS 0x0000000722a00000, 0x0000000722a00000| Untracked 
|  14|0x0000000722c00000, 0x0000000722c00000, 0x0000000722e00000|  0%| F|  |TAMS 0x0000000722c00000, 0x0000000722c00000| Untracked 
|  15|0x0000000722e00000, 0x0000000722e00000, 0x0000000723000000|  0%| F|  |TAMS 0x0000000722e00000, 0x0000000722e00000| Untracked 
|  16|0x0000000723000000, 0x0000000723000000, 0x0000000723200000|  0%| F|  |TAMS 0x0000000723000000, 0x0000000723000000| Untracked 
|  17|0x0000000723200000, 0x0000000723200000, 0x0000000723400000|  0%| F|  |TAMS 0x0000000723200000, 0x0000000723200000| Untracked 
|  18|0x0000000723400000, 0x0000000723400000, 0x0000000723600000|  0%| F|  |TAMS 0x0000000723400000, 0x0000000723400000| Untracked 
|  19|0x0000000723600000, 0x0000000723600000, 0x0000000723800000|  0%| F|  |TAMS 0x0000000723600000, 0x0000000723600000| Untracked 
|  20|0x0000000723800000, 0x0000000723800000, 0x0000000723a00000|  0%| F|  |TAMS 0x0000000723800000, 0x0000000723800000| Untracked 
|  21|0x0000000723a00000, 0x0000000723a00000, 0x0000000723c00000|  0%| F|  |TAMS 0x0000000723a00000, 0x0000000723a00000| Untracked 
|  22|0x0000000723c00000, 0x0000000723c00000, 0x0000000723e00000|  0%| F|  |TAMS 0x0000000723c00000, 0x0000000723c00000| Untracked 
|  23|0x0000000723e00000, 0x0000000723e00000, 0x0000000724000000|  0%| F|  |TAMS 0x0000000723e00000, 0x0000000723e00000| Untracked 
|  24|0x0000000724000000, 0x0000000724000000, 0x0000000724200000|  0%| F|  |TAMS 0x0000000724000000, 0x0000000724000000| Untracked 
|  25|0x0000000724200000, 0x0000000724200000, 0x0000000724400000|  0%| F|  |TAMS 0x0000000724200000, 0x0000000724200000| Untracked 
|  26|0x0000000724400000, 0x0000000724400000, 0x0000000724600000|  0%| F|  |TAMS 0x0000000724400000, 0x0000000724400000| Untracked 
|  27|0x0000000724600000, 0x0000000724600000, 0x0000000724800000|  0%| F|  |TAMS 0x0000000724600000, 0x0000000724600000| Untracked 
|  28|0x0000000724800000, 0x0000000724800000, 0x0000000724a00000|  0%| F|  |TAMS 0x0000000724800000, 0x0000000724800000| Untracked 
|  29|0x0000000724a00000, 0x0000000724a00000, 0x0000000724c00000|  0%| F|  |TAMS 0x0000000724a00000, 0x0000000724a00000| Untracked 
|  30|0x0000000724c00000, 0x0000000724c00000, 0x0000000724e00000|  0%| F|  |TAMS 0x0000000724c00000, 0x0000000724c00000| Untracked 
|  31|0x0000000724e00000, 0x0000000724e00000, 0x0000000725000000|  0%| F|  |TAMS 0x0000000724e00000, 0x0000000724e00000| Untracked 
|  32|0x0000000725000000, 0x0000000725000000, 0x0000000725200000|  0%| F|  |TAMS 0x0000000725000000, 0x0000000725000000| Untracked 
|  33|0x0000000725200000, 0x0000000725200000, 0x0000000725400000|  0%| F|  |TAMS 0x0000000725200000, 0x0000000725200000| Untracked 
|  34|0x0000000725400000, 0x0000000725400000, 0x0000000725600000|  0%| F|  |TAMS 0x0000000725400000, 0x0000000725400000| Untracked 
|  35|0x0000000725600000, 0x0000000725600000, 0x0000000725800000|  0%| F|  |TAMS 0x0000000725600000, 0x0000000725600000| Untracked 
|  36|0x0000000725800000, 0x0000000725800000, 0x0000000725a00000|  0%| F|  |TAMS 0x0000000725800000, 0x0000000725800000| Untracked 
|  37|0x0000000725a00000, 0x0000000725a00000, 0x0000000725c00000|  0%| F|  |TAMS 0x0000000725a00000, 0x0000000725a00000| Untracked 
|  38|0x0000000725c00000, 0x0000000725c00000, 0x0000000725e00000|  0%| F|  |TAMS 0x0000000725c00000, 0x0000000725c00000| Untracked 
|  39|0x0000000725e00000, 0x0000000725e00000, 0x0000000726000000|  0%| F|  |TAMS 0x0000000725e00000, 0x0000000725e00000| Untracked 
|  40|0x0000000726000000, 0x0000000726000000, 0x0000000726200000|  0%| F|  |TAMS 0x0000000726000000, 0x0000000726000000| Untracked 
|  41|0x0000000726200000, 0x0000000726200000, 0x0000000726400000|  0%| F|  |TAMS 0x0000000726200000, 0x0000000726200000| Untracked 
|  42|0x0000000726400000, 0x0000000726400000, 0x0000000726600000|  0%| F|  |TAMS 0x0000000726400000, 0x0000000726400000| Untracked 
|  43|0x0000000726600000, 0x0000000726600000, 0x0000000726800000|  0%| F|  |TAMS 0x0000000726600000, 0x0000000726600000| Untracked 
|  44|0x0000000726800000, 0x0000000726800000, 0x0000000726a00000|  0%| F|  |TAMS 0x0000000726800000, 0x0000000726800000| Untracked 
|  45|0x0000000726a00000, 0x0000000726a00000, 0x0000000726c00000|  0%| F|  |TAMS 0x0000000726a00000, 0x0000000726a00000| Untracked 
|  46|0x0000000726c00000, 0x0000000726c00000, 0x0000000726e00000|  0%| F|  |TAMS 0x0000000726c00000, 0x0000000726c00000| Untracked 
|  47|0x0000000726e00000, 0x0000000726e00000, 0x0000000727000000|  0%| F|  |TAMS 0x0000000726e00000, 0x0000000726e00000| Untracked 
|  48|0x0000000727000000, 0x0000000727000000, 0x0000000727200000|  0%| F|  |TAMS 0x0000000727000000, 0x0000000727000000| Untracked 
|  49|0x0000000727200000, 0x0000000727200000, 0x0000000727400000|  0%| F|  |TAMS 0x0000000727200000, 0x0000000727200000| Untracked 
|  50|0x0000000727400000, 0x0000000727400000, 0x0000000727600000|  0%| F|  |TAMS 0x0000000727400000, 0x0000000727400000| Untracked 
|  51|0x0000000727600000, 0x0000000727600000, 0x0000000727800000|  0%| F|  |TAMS 0x0000000727600000, 0x0000000727600000| Untracked 
|  52|0x0000000727800000, 0x0000000727800000, 0x0000000727a00000|  0%| F|  |TAMS 0x0000000727800000, 0x0000000727800000| Untracked 
|  53|0x0000000727a00000, 0x0000000727a00000, 0x0000000727c00000|  0%| F|  |TAMS 0x0000000727a00000, 0x0000000727a00000| Untracked 
|  54|0x0000000727c00000, 0x0000000727c00000, 0x0000000727e00000|  0%| F|  |TAMS 0x0000000727c00000, 0x0000000727c00000| Untracked 
|  55|0x0000000727e00000, 0x0000000727e00000, 0x0000000728000000|  0%| F|  |TAMS 0x0000000727e00000, 0x0000000727e00000| Untracked 
|  56|0x0000000728000000, 0x0000000728000000, 0x0000000728200000|  0%| F|  |TAMS 0x0000000728000000, 0x0000000728000000| Untracked 
|  57|0x0000000728200000, 0x0000000728200000, 0x0000000728400000|  0%| F|  |TAMS 0x0000000728200000, 0x0000000728200000| Untracked 
|  58|0x0000000728400000, 0x0000000728400000, 0x0000000728600000|  0%| F|  |TAMS 0x0000000728400000, 0x0000000728400000| Untracked 
|  59|0x0000000728600000, 0x0000000728600000, 0x0000000728800000|  0%| F|  |TAMS 0x0000000728600000, 0x0000000728600000| Untracked 
|  60|0x0000000728800000, 0x0000000728800000, 0x0000000728a00000|  0%| F|  |TAMS 0x0000000728800000, 0x0000000728800000| Untracked 
|  61|0x0000000728a00000, 0x0000000728a00000, 0x0000000728c00000|  0%| F|  |TAMS 0x0000000728a00000, 0x0000000728a00000| Untracked 
|  62|0x0000000728c00000, 0x0000000728c00000, 0x0000000728e00000|  0%| F|  |TAMS 0x0000000728c00000, 0x0000000728c00000| Untracked 
|  63|0x0000000728e00000, 0x0000000728e00000, 0x0000000729000000|  0%| F|  |TAMS 0x0000000728e00000, 0x0000000728e00000| Untracked 
|  64|0x0000000729000000, 0x0000000729000000, 0x0000000729200000|  0%| F|  |TAMS 0x0000000729000000, 0x0000000729000000| Untracked 
|  65|0x0000000729200000, 0x0000000729200000, 0x0000000729400000|  0%| F|  |TAMS 0x0000000729200000, 0x0000000729200000| Untracked 
|  66|0x0000000729400000, 0x0000000729400000, 0x0000000729600000|  0%| F|  |TAMS 0x0000000729400000, 0x0000000729400000| Untracked 
|  67|0x0000000729600000, 0x0000000729600000, 0x0000000729800000|  0%| F|  |TAMS 0x0000000729600000, 0x0000000729600000| Untracked 
|  68|0x0000000729800000, 0x0000000729800000, 0x0000000729a00000|  0%| F|  |TAMS 0x0000000729800000, 0x0000000729800000| Untracked 
|  69|0x0000000729a00000, 0x0000000729a00000, 0x0000000729c00000|  0%| F|  |TAMS 0x0000000729a00000, 0x0000000729a00000| Untracked 
|  70|0x0000000729c00000, 0x0000000729c00000, 0x0000000729e00000|  0%| F|  |TAMS 0x0000000729c00000, 0x0000000729c00000| Untracked 
|  71|0x0000000729e00000, 0x0000000729e00000, 0x000000072a000000|  0%| F|  |TAMS 0x0000000729e00000, 0x0000000729e00000| Untracked 
|  72|0x000000072a000000, 0x000000072a000000, 0x000000072a200000|  0%| F|  |TAMS 0x000000072a000000, 0x000000072a000000| Untracked 
|  73|0x000000072a200000, 0x000000072a200000, 0x000000072a400000|  0%| F|  |TAMS 0x000000072a200000, 0x000000072a200000| Untracked 
|  74|0x000000072a400000, 0x000000072a400000, 0x000000072a600000|  0%| F|  |TAMS 0x000000072a400000, 0x000000072a400000| Untracked 
|  75|0x000000072a600000, 0x000000072a600000, 0x000000072a800000|  0%| F|  |TAMS 0x000000072a600000, 0x000000072a600000| Untracked 
|  76|0x000000072a800000, 0x000000072a800000, 0x000000072aa00000|  0%| F|  |TAMS 0x000000072a800000, 0x000000072a800000| Untracked 
|  77|0x000000072aa00000, 0x000000072aa00000, 0x000000072ac00000|  0%| F|  |TAMS 0x000000072aa00000, 0x000000072aa00000| Untracked 
|  78|0x000000072ac00000, 0x000000072ac00000, 0x000000072ae00000|  0%| F|  |TAMS 0x000000072ac00000, 0x000000072ac00000| Untracked 
|  79|0x000000072ae00000, 0x000000072ae00000, 0x000000072b000000|  0%| F|  |TAMS 0x000000072ae00000, 0x000000072ae00000| Untracked 
|  80|0x000000072b000000, 0x000000072b000000, 0x000000072b200000|  0%| F|  |TAMS 0x000000072b000000, 0x000000072b000000| Untracked 
|  81|0x000000072b200000, 0x000000072b200000, 0x000000072b400000|  0%| F|  |TAMS 0x000000072b200000, 0x000000072b200000| Untracked 
|  82|0x000000072b400000, 0x000000072b400000, 0x000000072b600000|  0%| F|  |TAMS 0x000000072b400000, 0x000000072b400000| Untracked 
|  83|0x000000072b600000, 0x000000072b600000, 0x000000072b800000|  0%| F|  |TAMS 0x000000072b600000, 0x000000072b600000| Untracked 
|  84|0x000000072b800000, 0x000000072b800000, 0x000000072ba00000|  0%| F|  |TAMS 0x000000072b800000, 0x000000072b800000| Untracked 
|  85|0x000000072ba00000, 0x000000072ba00000, 0x000000072bc00000|  0%| F|  |TAMS 0x000000072ba00000, 0x000000072ba00000| Untracked 
|  86|0x000000072bc00000, 0x000000072bc00000, 0x000000072be00000|  0%| F|  |TAMS 0x000000072bc00000, 0x000000072bc00000| Untracked 
|  87|0x000000072be00000, 0x000000072be00000, 0x000000072c000000|  0%| F|  |TAMS 0x000000072be00000, 0x000000072be00000| Untracked 
|  88|0x000000072c000000, 0x000000072c000000, 0x000000072c200000|  0%| F|  |TAMS 0x000000072c000000, 0x000000072c000000| Untracked 
|  89|0x000000072c200000, 0x000000072c200000, 0x000000072c400000|  0%| F|  |TAMS 0x000000072c200000, 0x000000072c200000| Untracked 
|  90|0x000000072c400000, 0x000000072c400000, 0x000000072c600000|  0%| F|  |TAMS 0x000000072c400000, 0x000000072c400000| Untracked 
|  91|0x000000072c600000, 0x000000072c600000, 0x000000072c800000|  0%| F|  |TAMS 0x000000072c600000, 0x000000072c600000| Untracked 
|  92|0x000000072c800000, 0x000000072c800000, 0x000000072ca00000|  0%| F|  |TAMS 0x000000072c800000, 0x000000072c800000| Untracked 
|  93|0x000000072ca00000, 0x000000072ca00000, 0x000000072cc00000|  0%| F|  |TAMS 0x000000072ca00000, 0x000000072ca00000| Untracked 
|  94|0x000000072cc00000, 0x000000072cc00000, 0x000000072ce00000|  0%| F|  |TAMS 0x000000072cc00000, 0x000000072cc00000| Untracked 
|  95|0x000000072ce00000, 0x000000072ce00000, 0x000000072d000000|  0%| F|  |TAMS 0x000000072ce00000, 0x000000072ce00000| Untracked 
|  96|0x000000072d000000, 0x000000072d000000, 0x000000072d200000|  0%| F|  |TAMS 0x000000072d000000, 0x000000072d000000| Untracked 
|  97|0x000000072d200000, 0x000000072d200000, 0x000000072d400000|  0%| F|  |TAMS 0x000000072d200000, 0x000000072d200000| Untracked 
|  98|0x000000072d400000, 0x000000072d400000, 0x000000072d600000|  0%| F|  |TAMS 0x000000072d400000, 0x000000072d400000| Untracked 
|  99|0x000000072d600000, 0x000000072d600000, 0x000000072d800000|  0%| F|  |TAMS 0x000000072d600000, 0x000000072d600000| Untracked 
| 100|0x000000072d800000, 0x000000072d800000, 0x000000072da00000|  0%| F|  |TAMS 0x000000072d800000, 0x000000072d800000| Untracked 
| 101|0x000000072da00000, 0x000000072da00000, 0x000000072dc00000|  0%| F|  |TAMS 0x000000072da00000, 0x000000072da00000| Untracked 
| 102|0x000000072dc00000, 0x000000072dc00000, 0x000000072de00000|  0%| F|  |TAMS 0x000000072dc00000, 0x000000072dc00000| Untracked 
| 103|0x000000072de00000, 0x000000072de00000, 0x000000072e000000|  0%| F|  |TAMS 0x000000072de00000, 0x000000072de00000| Untracked 
| 104|0x000000072e000000, 0x000000072e000000, 0x000000072e200000|  0%| F|  |TAMS 0x000000072e000000, 0x000000072e000000| Untracked 
| 105|0x000000072e200000, 0x000000072e200000, 0x000000072e400000|  0%| F|  |TAMS 0x000000072e200000, 0x000000072e200000| Untracked 
| 106|0x000000072e400000, 0x000000072e400000, 0x000000072e600000|  0%| F|  |TAMS 0x000000072e400000, 0x000000072e400000| Untracked 
| 107|0x000000072e600000, 0x000000072e600000, 0x000000072e800000|  0%| F|  |TAMS 0x000000072e600000, 0x000000072e600000| Untracked 
| 108|0x000000072e800000, 0x000000072e800000, 0x000000072ea00000|  0%| F|  |TAMS 0x000000072e800000, 0x000000072e800000| Untracked 
| 109|0x000000072ea00000, 0x000000072ea00000, 0x000000072ec00000|  0%| F|  |TAMS 0x000000072ea00000, 0x000000072ea00000| Untracked 
| 110|0x000000072ec00000, 0x000000072ec00000, 0x000000072ee00000|  0%| F|  |TAMS 0x000000072ec00000, 0x000000072ec00000| Untracked 
| 111|0x000000072ee00000, 0x000000072ee7aee8, 0x000000072f000000| 24%| E|  |TAMS 0x000000072ee00000, 0x000000072ee00000| Complete 

Card table byte_map: [0x0000022ed8590000,0x0000022ed8c90000] _byte_map_base: 0x0000022ed4c88000

Marking Bits (Prev, Next): (CMBitMap*) 0x0000022ebf9528b0, (CMBitMap*) 0x0000022ebf9528f0
 Prev Bits: [0x0000022ed9390000, 0x0000022edcb50000)
 Next Bits: [0x0000022edcb50000, 0x0000022ee0310000)

Polling page: 0x0000022ebf9f0000

Metaspace:

Usage:
  Non-class:      2.67 MB used.
      Class:    221.39 KB used.
       Both:      2.89 MB used.

Virtual space:
  Non-class space:        8.00 MB reserved,       2.69 MB ( 34%) committed,  1 nodes.
      Class space:        1.00 GB reserved,     256.00 KB ( <1%) committed,  1 nodes.
              Both:        1.01 GB reserved,       2.94 MB ( <1%) committed. 

Chunk freelists:
   Non-Class:  0 bytes
       Class:  3.75 MB
        Both:  3.75 MB

MaxMetaspaceSize: 17179869184.00 GB
CompressedClassSpaceSize: 1.00 GB
 - commit_granule_bytes: 65536.
 - commit_granule_words: 8192.
 - virtual_space_node_default_size: 1048576.
 - enlarge_chunks_in_place: 1.
 - new_chunks_are_fully_committed: 0.
 - uncommit_free_chunks: 1.
 - use_allocation_guard: 0.
 - handle_deallocations: 1.


Internal statistics:

num_allocs_failed_limit: 0.
num_arena_births: 2.
num_arena_deaths: 0.
num_vsnodes_births: 2.
num_vsnodes_deaths: 0.
num_space_committed: 47.
num_space_uncommitted: 0.
num_chunks_returned_to_freelist: 0.
num_chunks_taken_from_freelist: 3.
num_chunk_merges: 0.
num_chunk_splits: 1.
num_chunks_enlarged: 0.
num_purges: 0.

CodeHeap 'non-profiled nmethods': size=120000Kb used=0Kb max_used=0Kb free=120000Kb
 bounds [0x0000022ed0330000, 0x0000022ed05a0000, 0x0000022ed7860000]
CodeHeap 'profiled nmethods': size=120000Kb used=9Kb max_used=9Kb free=119990Kb
 bounds [0x0000022ec8e00000, 0x0000022ec9070000, 0x0000022ed0330000]
CodeHeap 'non-nmethods': size=5760Kb used=1010Kb max_used=1010Kb free=4749Kb
 bounds [0x0000022ec8860000, 0x0000022ec8ad0000, 0x0000022ec8e00000]
 total_blobs=260 nmethods=6 adapters=182
 compilation: enabled
              stopped_count=0, restarted_count=0
 full_count=0

Compilation events (0 events):
No events

GC Heap History (0 events):
No events

Deoptimization events (0 events):
No events

Classes unloaded (0 events):
No events

Classes redefined (0 events):
No events

Internal exceptions (0 events):
No events

Events (20 events):
Event: 0.107 loading class sun/io/Win32ErrorMode done
Event: 0.107 loading class java/lang/System$2
Event: 0.107 loading class jdk/internal/access/JavaLangAccess
Event: 0.107 loading class jdk/internal/access/JavaLangAccess done
Event: 0.107 loading class java/lang/System$2 done
Event: 0.107 loading class java/util/Collections
Event: 0.108 loading class java/util/Collections done
Event: 0.108 loading class java/util/Collections$EmptySet
Event: 0.108 loading class java/util/Collections$EmptySet done
Event: 0.108 loading class java/util/Collections$EmptyList
Event: 0.108 loading class java/util/Collections$EmptyList done
Event: 0.108 loading class java/util/Collections$EmptyMap
Event: 0.108 loading class java/util/Collections$EmptyMap done
Event: 0.108 loading class java/lang/IllegalArgumentException
Event: 0.108 loading class java/lang/IllegalArgumentException done
Event: 0.108 Thread 0x0000022ee3414160 Thread added: 0x0000022ee3414160
Event: 0.109 Thread 0x0000022ee3415a80 Thread added: 0x0000022ee3415a80
Event: 0.109 Thread 0x0000022ee3416390 Thread added: 0x0000022ee3416390
Event: 0.109 Thread 0x0000022ee3416ca0 Thread added: 0x0000022ee3416ca0
Event: 0.109 Thread 0x0000022ee34178e0 Thread added: 0x0000022ee34178e0


Dynamic libraries:
0x00007ff682090000 - 0x00007ff6820a0000 	C:\Program Files\Java\jdk-16.0.2\bin\javaw.exe
0x00007fff81310000 - 0x00007fff81505000 	C:\Windows\SYSTEM32\ntdll.dll
0x00007fff7ffb0000 - 0x00007fff8006e000 	C:\Windows\System32\KERNEL32.DLL
0x00007fff7ead0000 - 0x00007fff7ed99000 	C:\Windows\System32\KERNELBASE.dll
0x00007fff7ee00000 - 0x00007fff7ef00000 	C:\Windows\System32\ucrtbase.dll
0x00007fff73db0000 - 0x00007fff73dc8000 	C:\Program Files\Java\jdk-16.0.2\bin\jli.dll
0x00007fff81220000 - 0x00007fff812cc000 	C:\Windows\System32\ADVAPI32.dll
0x00007fff80a60000 - 0x00007fff80afe000 	C:\Windows\System32\msvcrt.dll
0x00007fff80b00000 - 0x00007fff80b9b000 	C:\Windows\System32\sechost.dll
0x00007fff80070000 - 0x00007fff8019a000 	C:\Windows\System32\RPCRT4.dll
0x00007fff7fd80000 - 0x00007fff7ff21000 	C:\Windows\System32\USER32.dll
0x00007fff7edd0000 - 0x00007fff7edf2000 	C:\Windows\System32\win32u.dll
0x00007fff7f480000 - 0x00007fff7f4ab000 	C:\Windows\System32\GDI32.dll
0x00007fff7f250000 - 0x00007fff7f35b000 	C:\Windows\System32\gdi32full.dll
0x00007fff7ea30000 - 0x00007fff7eacd000 	C:\Windows\System32\msvcp_win.dll
0x00007fff72240000 - 0x00007fff72259000 	C:\Program Files\Java\jdk-16.0.2\bin\VCRUNTIME140.dll
0x00007fff6ae80000 - 0x00007fff6b11a000 	C:\Windows\WinSxS\amd64_microsoft.windows.common-controls_6595b64144ccf1df_6.0.19041.1110_none_60b5254171f9507e\COMCTL32.dll
0x00007fff77940000 - 0x00007fff7794a000 	C:\Windows\SYSTEM32\VERSION.dll
0x00007fff7fd50000 - 0x00007fff7fd80000 	C:\Windows\System32\IMM32.DLL
0x00007fff7c290000 - 0x00007fff7c29c000 	C:\Program Files\Java\jdk-16.0.2\bin\vcruntime140_1.dll
0x00007fff70f00000 - 0x00007fff70f91000 	C:\Program Files\Java\jdk-16.0.2\bin\msvcp140.dll
0x00007fff42320000 - 0x00007fff42ecb000 	C:\Program Files\Java\jdk-16.0.2\bin\server\jvm.dll
0x00007fff81210000 - 0x00007fff81218000 	C:\Windows\System32\PSAPI.DLL
0x00007fff74a80000 - 0x00007fff74a89000 	C:\Windows\SYSTEM32\WSOCK32.dll
0x00007fff80350000 - 0x00007fff803bb000 	C:\Windows\System32\WS2_32.dll
0x00007fff76890000 - 0x00007fff768b7000 	C:\Windows\SYSTEM32\WINMM.dll
0x00007fff7c950000 - 0x00007fff7c962000 	C:\Windows\SYSTEM32\kernel.appcore.dll
0x00007fff74950000 - 0x00007fff7495a000 	C:\Program Files\Java\jdk-16.0.2\bin\jimage.dll
0x00007fff6b470000 - 0x00007fff6b654000 	C:\Windows\SYSTEM32\DBGHELP.DLL
0x00007fff6b200000 - 0x00007fff6b22c000 	C:\Windows\SYSTEM32\dbgcore.DLL
0x00007fff7efb0000 - 0x00007fff7f033000 	C:\Windows\System32\bcryptPrimitives.dll
0x00007fff71ab0000 - 0x00007fff71ad5000 	C:\Program Files\Java\jdk-16.0.2\bin\java.dll
0x00007fff7f4b0000 - 0x00007fff7fbef000 	C:\Windows\System32\SHELL32.dll
0x00007fff7cb50000 - 0x00007fff7d2e0000 	C:\Windows\SYSTEM32\windows.storage.dll
0x00007fff80e00000 - 0x00007fff81155000 	C:\Windows\System32\combase.dll
0x00007fff7e3b0000 - 0x00007fff7e3dc000 	C:\Windows\SYSTEM32\Wldp.dll
0x00007fff80430000 - 0x00007fff804de000 	C:\Windows\System32\SHCORE.dll
0x00007fff804f0000 - 0x00007fff80545000 	C:\Windows\System32\shlwapi.dll
0x00007fff7e970000 - 0x00007fff7e98f000 	C:\Windows\SYSTEM32\profapi.dll

dbghelp: loaded successfully - version: 4.0.5 - missing functions: none
symbol engine: initialized successfully - sym options: 0x614 - pdb path: .;C:\Program Files\Java\jdk-16.0.2\bin;C:\Windows\SYSTEM32;C:\Windows\WinSxS\amd64_microsoft.windows.common-controls_6595b64144ccf1df_6.0.19041.1110_none_60b5254171f9507e;C:\Program Files\Java\jdk-16.0.2\bin\server

VM Arguments:
jvm_args: -Dfile.encoding=Cp1252 -XX:+ShowCodeDetailsInExceptionMessages 
java_command: Libreria
java_class_path (initial): C:\Users\Ulises\eclipse-workspace\PrimerParcial\bin
Launcher Type: SUN_STANDARD

[Global flags]
     intx CICompilerCount                          = 3                                         {product} {ergonomic}
     uint ConcGCThreads                            = 1                                         {product} {ergonomic}
     uint G1ConcRefinementThreads                  = 4                                         {product} {ergonomic}
   size_t G1HeapRegionSize                         = 2097152                                   {product} {ergonomic}
    uintx GCDrainStackTargetSize                   = 64                                        {product} {ergonomic}
   size_t InitialHeapSize                          = 234881024                                 {product} {ergonomic}
   size_t MarkStackSize                            = 4194304                                   {product} {ergonomic}
   size_t MaxHeapSize                              = 3741319168                                {product} {ergonomic}
   size_t MaxNewSize                               = 2243952640                                {product} {ergonomic}
   size_t MinHeapDeltaBytes                        = 2097152                                   {product} {ergonomic}
   size_t MinHeapSize                              = 8388608                                   {product} {ergonomic}
    uintx NonNMethodCodeHeapSize                   = 5832780                                {pd product} {ergonomic}
    uintx NonProfiledCodeHeapSize                  = 122912730                              {pd product} {ergonomic}
    uintx ProfiledCodeHeapSize                     = 122912730                              {pd product} {ergonomic}
    uintx ReservedCodeCacheSize                    = 251658240                              {pd product} {ergonomic}
     bool SegmentedCodeCache                       = true                                      {product} {ergonomic}
     bool ShowCodeDetailsInExceptionMessages       = true                                   {manageable} {command line}
   size_t SoftMaxHeapSize                          = 3741319168                             {manageable} {ergonomic}
     bool UseCompressedClassPointers               = true                           {product lp64_product} {ergonomic}
     bool UseCompressedOops                        = true                           {product lp64_product} {ergonomic}
     bool UseG1GC                                  = true                                      {product} {ergonomic}
     bool UseLargePagesIndividualAllocation        = false                                  {pd product} {ergonomic}

Logging:
Log output configuration:
 #0: stdout all=warning uptime,level,tags
 #1: stderr all=off uptime,level,tags

Environment Variables:
PATH=C:/Program Files/Java/jdk-16.0.2/bin/server;C:/Program Files/Java/jdk-16.0.2/bin;C:\Program Files\Common Files\Oracle\Java\javapath;C:\Program Files (x86)\Common Files\Oracle\Java\javapath;C:\Windows\system32;C:\Windows;C:\Windows\System32\Wbem;C:\Windows\System32\WindowsPowerShell\v1.0\;C:\Windows\System32\OpenSSH\;C:\Program Files\dotnet\;C:\Program Files\Microsoft SQL Server\130\Tools\Binn\;C:\Program Files\Microsoft SQL Server\Client SDK\ODBC\170\Tools\Binn\;C:\Program Files (x86)\dotnet\;C:\Users\Ulises\AppData\Local\Programs\Python\Python39\Scripts\;C:\Users\Ulises\AppData\Local\Programs\Python\Python39\;C:\Users\Ulises\AppData\Local\Microsoft\WindowsApps;C:\Users\Ulises\.dotnet\tools;C:\Users\Ulises\AppData\Local\Programs\Microsoft VS Code\bin;C:\Users\Ulises\Desktop;
USERNAME=Eliseo
OS=Windows_NT
PROCESSOR_IDENTIFIER=AMD64 Family 23 Model 24 Stepping 1, AuthenticAMD



---------------  S Y S T E M  ---------------

OS:
 Windows 10 , 64 bit Build 19041 (10.0.19041.1202)
OS uptime: 4 days 15:05 hours

CPU: total 4 (initial active 4) (4 cores per cpu, 1 threads per core) family 23 model 24 stepping 1 microcode 0x0, cx8, cmov, fxsr, mmx, 3dnowpref, sse, sse2, sse3, ssse3, sse4a, sse4.1, sse4.2, popcnt, lzcnt, tsc, tscinvbit, avx, avx2, aes, clmul, bmi1, bmi2, adx, sha, fma, vzeroupper, clflush, clflushopt

Memory: 4k page, system-wide physical 14267M (5422M free)
TotalPageFile size 42805M (AvailPageFile size 5M)
current process WorkingSet (physical memory assigned to process): 23M, peak: 23M
current process commit charge ("private bytes"): 291M, peak: 296M

vm_info: Java HotSpot(TM) 64-Bit Server VM (16.0.2+7-67) for windows-amd64 JRE (16.0.2+7-67), built on Jun  8 2021 23:24:19 by "mach5one" with MS VC++ 16.7 (VS2019)

END.
