#
# There is insufficient memory for the Java Runtime Environment to continue.
# Native memory allocation (mmap) failed to map 234881024 bytes for G1 virtual space
# Possible reasons:
#   The system is out of physical RAM or swap space
#   The process is running with CompressedOops enabled, and the Java Heap may be blocking the growth of the native heap
# Possible solutions:
#   Reduce memory load on the system
#   Increase physical memory or swap space
#   Check if swap backing store is full
#   Decrease Java heap size (-Xmx/-Xms)
#   Decrease number of Java threads
#   Decrease Java thread stack sizes (-Xss)
#   Set larger code cache with -XX:ReservedCodeCacheSize=
#   JVM is running with Zero Based Compressed Oops mode in which the Java heap is
#     placed in the first 32GB address space. The Java Heap base address is the
#     maximum limit for the native heap growth. Please use -XX:HeapBaseMinAddress
#     to set the Java Heap base and to place the Java Heap above 32GB virtual address.
# This output file may be truncated or incomplete.
#
#  Out of Memory Error (os_windows.cpp:3466), pid=12712, tid=27124
#
# JRE version:  (16.0.2+7) (build )
# Java VM: Java HotSpot(TM) 64-Bit Server VM (16.0.2+7-67, mixed mode, sharing, tiered, compressed oops, compressed class ptrs, g1 gc, windows-amd64)
# No core dump will be written. Minidumps are not enabled by default on client versions of Windows
#

---------------  S U M M A R Y ------------

Command Line: -Dfile.encoding=Cp1252 -XX:+ShowCodeDetailsInExceptionMessages Libreria

Host: AMD Ryzen 3 3200G with Radeon Vega Graphics    , 4 cores, 13G,  Windows 10 , 64 bit Build 19041 (10.0.19041.1202)
Time: Thu Sep 30 11:45:13 2021 Hora estándar de Argentina elapsed time: 0.027903 seconds (0d 0h 0m 0s)

---------------  T H R E A D  ---------------

Current thread (0x0000017b4bd17da0):  JavaThread "Unknown thread" [_thread_in_vm, id=27124, stack(0x0000004699e00000,0x0000004699f00000)]

Stack: [0x0000004699e00000,0x0000004699f00000]
Native frames: (J=compiled Java code, j=interpreted, Vv=VM code, C=native code)
V  [jvm.dll+0x6681ca]
V  [jvm.dll+0x7c9e69]
V  [jvm.dll+0x7cb61e]
V  [jvm.dll+0x7cbc73]
V  [jvm.dll+0x242c55]
V  [jvm.dll+0x664f89]
V  [jvm.dll+0x659b75]
V  [jvm.dll+0x2fbfbb]
V  [jvm.dll+0x3031b6]
V  [jvm.dll+0x35299e]
V  [jvm.dll+0x352bcf]
V  [jvm.dll+0x2d3028]
V  [jvm.dll+0x2d4264]
V  [jvm.dll+0x79c741]
V  [jvm.dll+0x360791]
V  [jvm.dll+0x77a3f0]
V  [jvm.dll+0x3e4e8f]
V  [jvm.dll+0x3e6961]
C  [jli.dll+0x52fb]
C  [ucrtbase.dll+0x21bb2]
C  [KERNEL32.DLL+0x17034]
C  [ntdll.dll+0x52651]


---------------  P R O C E S S  ---------------

Threads class SMR info:
_java_thread_list=0x00007fff42e2cbb8, length=0, elements={
}

Java Threads: ( => current thread )

Other Threads:
  0x0000017b4bd62c00 GCTaskThread "GC Thread#0" [stack: 0x0000004699f00000,0x000000469a000000] [id=25332]
  0x0000017b4bd71a50 ConcurrentGCThread "G1 Main Marker" [stack: 0x000000469a000000,0x000000469a100000] [id=26396]
  0x0000017b4bd72cb0 ConcurrentGCThread "G1 Conc#0" [stack: 0x000000469a100000,0x000000469a200000] [id=25004]

[error occurred during error reporting (printing all threads), id 0xc0000005, EXCEPTION_ACCESS_VIOLATION (0xc0000005) at pc=0x00007fff42603ee7]

VM state: not at safepoint (not fully initialized)

VM Mutex/Monitor currently owned by a thread:  ([mutex/lock_event])
[0x0000017b4bd153c0] Heap_lock - owner thread: 0x0000017b4bd17da0

Heap address: 0x0000000721000000, size: 3568 MB, Compressed Oops mode: Zero based, Oop shift amount: 3

CDS archive(s) mapped at: [0x0000000000000000-0x0000000000000000-0x0000000000000000), size 0, SharedBaseAddress: 0x0000000800000000, ArchiveRelocationMode: 0.
Narrow klass base: 0x0000000000000000, Narrow klass shift: 0, Narrow klass range: 0x0

GC Precious Log:
<Empty>

Heap:
 garbage-first heap   total 0K, used 0K [0x0000000721000000, 0x0000000800000000)
  region size 2048K, 0 young (0K), 0 survivors (0K)

[error occurred during error reporting (printing heap information), id 0xc0000005, EXCEPTION_ACCESS_VIOLATION (0xc0000005) at pc=0x00007fff429e1eed]

GC Heap History (0 events):
No events

Deoptimization events (0 events):
No events

Classes unloaded (0 events):
No events

Classes redefined (0 events):
No events

Internal exceptions (0 events):
No events

Events (1 events):
Event: 0.013 Loaded shared library C:\Program Files\Java\jdk-16.0.2\bin\java.dll


Dynamic libraries:
0x00007ff682090000 - 0x00007ff6820a0000 	C:\Program Files\Java\jdk-16.0.2\bin\javaw.exe
0x00007fff81310000 - 0x00007fff81505000 	C:\Windows\SYSTEM32\ntdll.dll
0x00007fff7ffb0000 - 0x00007fff8006e000 	C:\Windows\System32\KERNEL32.DLL
0x00007fff7ead0000 - 0x00007fff7ed99000 	C:\Windows\System32\KERNELBASE.dll
0x00007fff7ee00000 - 0x00007fff7ef00000 	C:\Windows\System32\ucrtbase.dll
0x00007fff73db0000 - 0x00007fff73dc8000 	C:\Program Files\Java\jdk-16.0.2\bin\jli.dll
0x00007fff81220000 - 0x00007fff812cc000 	C:\Windows\System32\ADVAPI32.dll
0x00007fff80a60000 - 0x00007fff80afe000 	C:\Windows\System32\msvcrt.dll
0x00007fff80b00000 - 0x00007fff80b9b000 	C:\Windows\System32\sechost.dll
0x00007fff80070000 - 0x00007fff8019a000 	C:\Windows\System32\RPCRT4.dll
0x00007fff7fd80000 - 0x00007fff7ff21000 	C:\Windows\System32\USER32.dll
0x00007fff7edd0000 - 0x00007fff7edf2000 	C:\Windows\System32\win32u.dll
0x00007fff7f480000 - 0x00007fff7f4ab000 	C:\Windows\System32\GDI32.dll
0x00007fff7f250000 - 0x00007fff7f35b000 	C:\Windows\System32\gdi32full.dll
0x00007fff7ea30000 - 0x00007fff7eacd000 	C:\Windows\System32\msvcp_win.dll
0x00007fff72240000 - 0x00007fff72259000 	C:\Program Files\Java\jdk-16.0.2\bin\VCRUNTIME140.dll
0x00007fff6ae80000 - 0x00007fff6b11a000 	C:\Windows\WinSxS\amd64_microsoft.windows.common-controls_6595b64144ccf1df_6.0.19041.1110_none_60b5254171f9507e\COMCTL32.dll
0x00007fff77940000 - 0x00007fff7794a000 	C:\Windows\SYSTEM32\VERSION.dll
0x00007fff7fd50000 - 0x00007fff7fd80000 	C:\Windows\System32\IMM32.DLL
0x00007fff7c290000 - 0x00007fff7c29c000 	C:\Program Files\Java\jdk-16.0.2\bin\vcruntime140_1.dll
0x00007fff70f00000 - 0x00007fff70f91000 	C:\Program Files\Java\jdk-16.0.2\bin\msvcp140.dll
0x00007fff42320000 - 0x00007fff42ecb000 	C:\Program Files\Java\jdk-16.0.2\bin\server\jvm.dll
0x00007fff81210000 - 0x00007fff81218000 	C:\Windows\System32\PSAPI.DLL
0x00007fff74a80000 - 0x00007fff74a89000 	C:\Windows\SYSTEM32\WSOCK32.dll
0x00007fff80350000 - 0x00007fff803bb000 	C:\Windows\System32\WS2_32.dll
0x00007fff76890000 - 0x00007fff768b7000 	C:\Windows\SYSTEM32\WINMM.dll
0x00007fff7c950000 - 0x00007fff7c962000 	C:\Windows\SYSTEM32\kernel.appcore.dll
0x00007fff74950000 - 0x00007fff7495a000 	C:\Program Files\Java\jdk-16.0.2\bin\jimage.dll
0x00007fff6b470000 - 0x00007fff6b654000 	C:\Windows\SYSTEM32\DBGHELP.DLL
0x00007fff6b200000 - 0x00007fff6b22c000 	C:\Windows\SYSTEM32\dbgcore.DLL
0x00007fff7efb0000 - 0x00007fff7f033000 	C:\Windows\System32\bcryptPrimitives.dll
0x00007fff71ab0000 - 0x00007fff71ad5000 	C:\Program Files\Java\jdk-16.0.2\bin\java.dll

dbghelp: loaded successfully - version: 4.0.5 - missing functions: none
symbol engine: initialized successfully - sym options: 0x614 - pdb path: .;C:\Program Files\Java\jdk-16.0.2\bin;C:\Windows\SYSTEM32;C:\Windows\WinSxS\amd64_microsoft.windows.common-controls_6595b64144ccf1df_6.0.19041.1110_none_60b5254171f9507e;C:\Program Files\Java\jdk-16.0.2\bin\server

VM Arguments:
jvm_args: -Dfile.encoding=Cp1252 -XX:+ShowCodeDetailsInExceptionMessages 
java_command: Libreria
java_class_path (initial): C:\Users\Ulises\eclipse-workspace\PrimerParcial\bin
Launcher Type: SUN_STANDARD

[Global flags]
     intx CICompilerCount                          = 3                                         {product} {ergonomic}
     uint ConcGCThreads                            = 1                                         {product} {ergonomic}
     uint G1ConcRefinementThreads                  = 4                                         {product} {ergonomic}
   size_t G1HeapRegionSize                         = 2097152                                   {product} {ergonomic}
    uintx GCDrainStackTargetSize                   = 64                                        {product} {ergonomic}
   size_t InitialHeapSize                          = 234881024                                 {product} {ergonomic}
   size_t MarkStackSize                            = 4194304                                   {product} {ergonomic}
   size_t MaxHeapSize                              = 3741319168                                {product} {ergonomic}
   size_t MinHeapDeltaBytes                        = 2097152                                   {product} {ergonomic}
   size_t MinHeapSize                              = 8388608                                   {product} {ergonomic}
    uintx NonNMethodCodeHeapSize                   = 5832780                                {pd product} {ergonomic}
    uintx NonProfiledCodeHeapSize                  = 122912730                              {pd product} {ergonomic}
    uintx ProfiledCodeHeapSize                     = 122912730                              {pd product} {ergonomic}
    uintx ReservedCodeCacheSize                    = 251658240                              {pd product} {ergonomic}
     bool SegmentedCodeCache                       = true                                      {product} {ergonomic}
     bool ShowCodeDetailsInExceptionMessages       = true                                   {manageable} {command line}
   size_t SoftMaxHeapSize                          = 3741319168                             {manageable} {ergonomic}
     bool UseCompressedClassPointers               = true                           {product lp64_product} {ergonomic}
     bool UseCompressedOops                        = true                           {product lp64_product} {ergonomic}
     bool UseG1GC                                  = true                                      {product} {ergonomic}
     bool UseLargePagesIndividualAllocation        = false                                  {pd product} {ergonomic}

Logging:
Log output configuration:
 #0: stdout all=warning uptime,level,tags
 #1: stderr all=off uptime,level,tags

Environment Variables:
PATH=C:/Program Files/Java/jdk-16.0.2/bin/server;C:/Program Files/Java/jdk-16.0.2/bin;C:\Program Files\Common Files\Oracle\Java\javapath;C:\Program Files (x86)\Common Files\Oracle\Java\javapath;C:\Windows\system32;C:\Windows;C:\Windows\System32\Wbem;C:\Windows\System32\WindowsPowerShell\v1.0\;C:\Windows\System32\OpenSSH\;C:\Program Files\dotnet\;C:\Program Files\Microsoft SQL Server\130\Tools\Binn\;C:\Program Files\Microsoft SQL Server\Client SDK\ODBC\170\Tools\Binn\;C:\Program Files (x86)\dotnet\;C:\Users\Ulises\AppData\Local\Programs\Python\Python39\Scripts\;C:\Users\Ulises\AppData\Local\Programs\Python\Python39\;C:\Users\Ulises\AppData\Local\Microsoft\WindowsApps;C:\Users\Ulises\.dotnet\tools;C:\Users\Ulises\AppData\Local\Programs\Microsoft VS Code\bin;C:\Users\Ulises\Desktop;
USERNAME=Eliseo
OS=Windows_NT
PROCESSOR_IDENTIFIER=AMD64 Family 23 Model 24 Stepping 1, AuthenticAMD



---------------  S Y S T E M  ---------------

OS:
 Windows 10 , 64 bit Build 19041 (10.0.19041.1202)
OS uptime: 4 days 15:24 hours

CPU: total 4 (initial active 4) (4 cores per cpu, 1 threads per core) family 23 model 24 stepping 1 microcode 0x0, cx8, cmov, fxsr, mmx, 3dnowpref, sse, sse2, sse3, ssse3, sse4a, sse4.1, sse4.2, popcnt, lzcnt, tsc, tscinvbit, avx, avx2, aes, clmul, bmi1, bmi2, adx, sha, fma, vzeroupper, clflush, clflushopt

Memory: 4k page, system-wide physical 14267M (6291M free)
TotalPageFile size 42805M (AvailPageFile size 6M)
current process WorkingSet (physical memory assigned to process): 10M, peak: 10M
current process commit charge ("private bytes"): 51M, peak: 275M

vm_info: Java HotSpot(TM) 64-Bit Server VM (16.0.2+7-67) for windows-amd64 JRE (16.0.2+7-67), built on Jun  8 2021 23:24:19 by "mach5one" with MS VC++ 16.7 (VS2019)

END.
