#
# There is insufficient memory for the Java Runtime Environment to continue.
# Native memory allocation (mmap) failed to map 65536 bytes for Failed to commit metaspace.
# Possible reasons:
#   The system is out of physical RAM or swap space
#   The process is running with CompressedOops enabled, and the Java Heap may be blocking the growth of the native heap
# Possible solutions:
#   Reduce memory load on the system
#   Increase physical memory or swap space
#   Check if swap backing store is full
#   Decrease Java heap size (-Xmx/-Xms)
#   Decrease number of Java threads
#   Decrease Java thread stack sizes (-Xss)
#   Set larger code cache with -XX:ReservedCodeCacheSize=
#   JVM is running with Zero Based Compressed Oops mode in which the Java heap is
#     placed in the first 32GB address space. The Java Heap base address is the
#     maximum limit for the native heap growth. Please use -XX:HeapBaseMinAddress
#     to set the Java Heap base and to place the Java Heap above 32GB virtual address.
# This output file may be truncated or incomplete.
#
#  Out of Memory Error (virtualSpaceNode.cpp:108), pid=25148, tid=7548
#
# JRE version: Java(TM) SE Runtime Environment (16.0.2+7) (build 16.0.2+7-67)
# Java VM: Java HotSpot(TM) 64-Bit Server VM (16.0.2+7-67, mixed mode, sharing, tiered, compressed oops, compressed class ptrs, g1 gc, windows-amd64)
# No core dump will be written. Minidumps are not enabled by default on client versions of Windows
#

---------------  S U M M A R Y ------------

Command Line: -Dfile.encoding=Cp1252 -XX:+ShowCodeDetailsInExceptionMessages Libreria

Host: AMD Ryzen 3 3200G with Radeon Vega Graphics    , 4 cores, 13G,  Windows 10 , 64 bit Build 19041 (10.0.19041.1202)
Time: Thu Sep 30 11:24:47 2021 Hora estándar de Argentina elapsed time: 0.659338 seconds (0d 0h 0m 0s)

---------------  T H R E A D  ---------------

Current thread (0x000001b9c6d2bd60):  JavaThread "AWT-EventQueue-0" [_thread_in_vm, id=7548, stack(0x0000003cce300000,0x0000003cce400000)]

Stack: [0x0000003cce300000,0x0000003cce400000]
Native frames: (J=compiled Java code, j=interpreted, Vv=VM code, C=native code)
V  [jvm.dll+0x6681ca]
V  [jvm.dll+0x7c9e69]
V  [jvm.dll+0x7cb61e]
V  [jvm.dll+0x7cbc73]
V  [jvm.dll+0x242c55]
V  [jvm.dll+0x7c64eb]
V  [jvm.dll+0x60ddd6]
V  [jvm.dll+0x60de3a]
V  [jvm.dll+0x61046a]
V  [jvm.dll+0x60e6d1]
V  [jvm.dll+0x618d97]
V  [jvm.dll+0x1e97ef]
V  [jvm.dll+0x1e9d25]
V  [jvm.dll+0x1ea8af]
V  [jvm.dll+0x1df631]
V  [jvm.dll+0x535ff8]
V  [jvm.dll+0x1f0d52]
V  [jvm.dll+0x741863]
V  [jvm.dll+0x743108]
V  [jvm.dll+0x743433]
V  [jvm.dll+0x23ab24]
V  [jvm.dll+0x378d96]
C  0x000001b9ab62cad8

Java frames: (J=compiled Java code, j=interpreted, Vv=VM code)
j  sun.java2d.SunGraphics2D.getResolutionVariant(Ljava/awt/image/MultiResolutionImage;IIIIIIIIIILjava/awt/geom/AffineTransform;)Ljava/awt/Image;+300 java.desktop@16.0.2
j  sun.java2d.SunGraphics2D.drawHiDPIImage(Ljava/awt/Image;IIIIIIIILjava/awt/Color;Ljava/awt/image/ImageObserver;Ljava/awt/geom/AffineTransform;)Ljava/lang/Boolean;+218 java.desktop@16.0.2
j  sun.java2d.SunGraphics2D.drawImage(Ljava/awt/Image;IIIIIIIILjava/awt/Color;Ljava/awt/image/ImageObserver;)Z+55 java.desktop@16.0.2
j  sun.java2d.SunGraphics2D.drawImage(Ljava/awt/Image;IIIIIIIILjava/awt/image/ImageObserver;)Z+19 java.desktop@16.0.2
j  javax.swing.plaf.metal.MetalUtils$GradientPainter.paintImage(Ljava/awt/Component;Ljava/awt/Graphics;IIIILjava/awt/Image;[Ljava/lang/Object;)V+74 java.desktop@16.0.2
j  sun.swing.CachedPainter.paint0(Ljava/awt/Component;Ljava/awt/Graphics;IIII[Ljava/lang/Object;)V+106 java.desktop@16.0.2
j  sun.swing.CachedPainter.paint(Ljava/awt/Component;Ljava/awt/Graphics;IIII[Ljava/lang/Object;)V+29 java.desktop@16.0.2
j  javax.swing.plaf.metal.MetalUtils$GradientPainter.paint(Ljava/awt/Component;Ljava/awt/Graphics2D;Ljava/util/List;IIIIZ)V+71 java.desktop@16.0.2
j  javax.swing.plaf.metal.MetalUtils.drawGradient(Ljava/awt/Component;Ljava/awt/Graphics;Ljava/lang/String;IIIIZ)Z+54 java.desktop@16.0.2
j  javax.swing.plaf.metal.MetalButtonUI.update(Ljava/awt/Graphics;Ljavax/swing/JComponent;)V+77 java.desktop@16.0.2
j  javax.swing.JComponent.paintComponent(Ljava/awt/Graphics;)V+26 java.desktop@16.0.2
j  javax.swing.JComponent.paint(Ljava/awt/Graphics;)V+286 java.desktop@16.0.2
j  javax.swing.JComponent.paintChildren(Ljava/awt/Graphics;)V+523 java.desktop@16.0.2
j  javax.swing.JComponent.paint(Ljava/awt/Graphics;)V+318 java.desktop@16.0.2
j  javax.swing.JComponent.paintChildren(Ljava/awt/Graphics;)V+523 java.desktop@16.0.2
j  javax.swing.JComponent.paint(Ljava/awt/Graphics;)V+318 java.desktop@16.0.2
j  javax.swing.JLayeredPane.paint(Ljava/awt/Graphics;)V+73 java.desktop@16.0.2
j  javax.swing.JComponent.paintChildren(Ljava/awt/Graphics;)V+523 java.desktop@16.0.2
j  javax.swing.JComponent.paintToOffscreen(Ljava/awt/Graphics;IIIIII)V+72 java.desktop@16.0.2
j  javax.swing.RepaintManager$PaintManager.paintDoubleBufferedImpl(Ljavax/swing/JComponent;Ljava/awt/Image;Ljava/awt/Graphics;IIII)V+163 java.desktop@16.0.2
j  javax.swing.RepaintManager$PaintManager.paintDoubleBuffered(Ljavax/swing/JComponent;Ljava/awt/Image;Ljava/awt/Graphics;IIII)V+46 java.desktop@16.0.2
j  javax.swing.RepaintManager$PaintManager.paint(Ljavax/swing/JComponent;Ljavax/swing/JComponent;Ljava/awt/Graphics;IIII)Z+128 java.desktop@16.0.2
j  javax.swing.RepaintManager.paint(Ljavax/swing/JComponent;Ljavax/swing/JComponent;Ljava/awt/Graphics;IIII)V+52 java.desktop@16.0.2
j  javax.swing.JComponent.paint(Ljava/awt/Graphics;)V+221 java.desktop@16.0.2
j  java.awt.GraphicsCallback$PaintCallback.run(Ljava/awt/Component;Ljava/awt/Graphics;)V+2 java.desktop@16.0.2
j  sun.awt.SunGraphicsCallback.runOneComponent(Ljava/awt/Component;Ljava/awt/Rectangle;Ljava/awt/Graphics;Ljava/awt/Shape;I)V+130 java.desktop@16.0.2
j  sun.awt.SunGraphicsCallback.runComponents([Ljava/awt/Component;Ljava/awt/Graphics;I)V+157 java.desktop@16.0.2
j  java.awt.Container.paint(Ljava/awt/Graphics;)V+58 java.desktop@16.0.2
j  java.awt.Window.paint(Ljava/awt/Graphics;)V+68 java.desktop@16.0.2
j  javax.swing.RepaintManager$4.run()Ljava/lang/Void;+142 java.desktop@16.0.2
j  javax.swing.RepaintManager$4.run()Ljava/lang/Object;+1 java.desktop@16.0.2
j  java.security.AccessController.executePrivileged(Ljava/security/PrivilegedAction;Ljava/security/AccessControlContext;Ljava/lang/Class;)Ljava/lang/Object;+29 java.base@16.0.2
j  java.security.AccessController.doPrivileged(Ljava/security/PrivilegedAction;Ljava/security/AccessControlContext;)Ljava/lang/Object;+13 java.base@16.0.2
j  java.security.ProtectionDomain$JavaSecurityAccessImpl.doIntersectionPrivilege(Ljava/security/PrivilegedAction;Ljava/security/AccessControlContext;Ljava/security/AccessControlContext;)Ljava/lang/Object;+18 java.base@16.0.2
j  javax.swing.RepaintManager.paintDirtyRegions(Ljava/util/Map;)V+154 java.desktop@16.0.2
j  javax.swing.RepaintManager.paintDirtyRegions()V+46 java.desktop@16.0.2
j  javax.swing.RepaintManager.prePaintDirtyRegions()V+73 java.desktop@16.0.2
j  javax.swing.RepaintManager$ProcessingRunnable.run()V+37 java.desktop@16.0.2
j  java.awt.event.InvocationEvent.dispatch()V+47 java.desktop@16.0.2
j  java.awt.EventQueue.dispatchEventImpl(Ljava/awt/AWTEvent;Ljava/lang/Object;)V+21 java.desktop@16.0.2
j  java.awt.EventQueue$4.run()Ljava/lang/Void;+32 java.desktop@16.0.2
j  java.awt.EventQueue$4.run()Ljava/lang/Object;+1 java.desktop@16.0.2
j  java.security.AccessController.executePrivileged(Ljava/security/PrivilegedAction;Ljava/security/AccessControlContext;Ljava/lang/Class;)Ljava/lang/Object;+29 java.base@16.0.2
j  java.security.AccessController.doPrivileged(Ljava/security/PrivilegedAction;Ljava/security/AccessControlContext;)Ljava/lang/Object;+13 java.base@16.0.2
j  java.security.ProtectionDomain$JavaSecurityAccessImpl.doIntersectionPrivilege(Ljava/security/PrivilegedAction;Ljava/security/AccessControlContext;Ljava/security/AccessControlContext;)Ljava/lang/Object;+18 java.base@16.0.2
j  java.awt.EventQueue.dispatchEvent(Ljava/awt/AWTEvent;)V+46 java.desktop@16.0.2
j  java.awt.EventDispatchThread.pumpOneEventForFilters(I)V+78 java.desktop@16.0.2
j  java.awt.EventDispatchThread.pumpEventsForFilter(ILjava/awt/Conditional;Ljava/awt/EventFilter;)V+35 java.desktop@16.0.2
j  java.awt.EventDispatchThread.pumpEventsForHierarchy(ILjava/awt/Conditional;Ljava/awt/Component;)V+11 java.desktop@16.0.2
j  java.awt.EventDispatchThread.pumpEvents(ILjava/awt/Conditional;)V+4 java.desktop@16.0.2
j  java.awt.EventDispatchThread.pumpEvents(Ljava/awt/Conditional;)V+3 java.desktop@16.0.2
j  java.awt.EventDispatchThread.run()V+9 java.desktop@16.0.2
v  ~StubRoutines::call_stub

---------------  P R O C E S S  ---------------

Threads class SMR info:
_java_thread_list=0x000001b9c6d9d860, length=16, elements={
0x000001b9c56c8ff0, 0x000001b9c56ca5d0, 0x000001b9c56dcef0, 0x000001b9c56e0c20,
0x000001b9c56e1530, 0x000001b9c56e9e50, 0x000001b9c56f0050, 0x000001b9c56f1a60,
0x000001b9c57087e0, 0x000001b9c61e4150, 0x000001b9c61e6b20, 0x000001b9c63c45e0,
0x000001b9c63ba900, 0x000001b9c63fe5a0, 0x000001b9c6d2bd60, 0x000001b9a26b8d90
}

Java Threads: ( => current thread )
  0x000001b9c56c8ff0 JavaThread "Reference Handler" daemon [_thread_blocked, id=15560, stack(0x0000003ccc700000,0x0000003ccc800000)]
  0x000001b9c56ca5d0 JavaThread "Finalizer" daemon [_thread_blocked, id=24092, stack(0x0000003ccc800000,0x0000003ccc900000)]
  0x000001b9c56dcef0 JavaThread "Signal Dispatcher" daemon [_thread_blocked, id=22056, stack(0x0000003ccc900000,0x0000003ccca00000)]
  0x000001b9c56e0c20 JavaThread "Attach Listener" daemon [_thread_blocked, id=6304, stack(0x0000003ccca00000,0x0000003cccb00000)]
  0x000001b9c56e1530 JavaThread "Service Thread" daemon [_thread_blocked, id=28188, stack(0x0000003cccb00000,0x0000003cccc00000)]
  0x000001b9c56e9e50 JavaThread "Monitor Deflation Thread" daemon [_thread_blocked, id=5772, stack(0x0000003cccc00000,0x0000003cccd00000)]
  0x000001b9c56f0050 JavaThread "C2 CompilerThread0" daemon [_thread_blocked, id=18416, stack(0x0000003cccd00000,0x0000003ccce00000)]
  0x000001b9c56f1a60 JavaThread "C1 CompilerThread0" daemon [_thread_blocked, id=27484, stack(0x0000003ccce00000,0x0000003cccf00000)]
  0x000001b9c57087e0 JavaThread "Sweeper thread" daemon [_thread_blocked, id=27672, stack(0x0000003cccf00000,0x0000003ccd000000)]
  0x000001b9c61e4150 JavaThread "Notification Thread" daemon [_thread_blocked, id=9524, stack(0x0000003ccd000000,0x0000003ccd100000)]
  0x000001b9c61e6b20 JavaThread "Common-Cleaner" daemon [_thread_blocked, id=25520, stack(0x0000003ccd200000,0x0000003ccd300000)]
  0x000001b9c63c45e0 JavaThread "Java2D Disposer" daemon [_thread_blocked, id=12148, stack(0x0000003ccd300000,0x0000003ccd400000)]
  0x000001b9c63ba900 JavaThread "AWT-Shutdown" [_thread_blocked, id=26664, stack(0x0000003ccd400000,0x0000003ccd500000)]
  0x000001b9c63fe5a0 JavaThread "AWT-Windows" daemon [_thread_in_native, id=21108, stack(0x0000003ccd500000,0x0000003ccd600000)]
=>0x000001b9c6d2bd60 JavaThread "AWT-EventQueue-0" [_thread_in_vm, id=7548, stack(0x0000003cce300000,0x0000003cce400000)]
  0x000001b9a26b8d90 JavaThread "DestroyJavaVM" [_thread_blocked, id=26080, stack(0x0000003ccc000000,0x0000003ccc100000)]

Other Threads:
  0x000001b9c56c4490 VMThread "VM Thread" [stack: 0x0000003ccc600000,0x0000003ccc700000] [id=27600]
  0x000001b9c61e6690 WatcherThread [stack: 0x0000003ccd100000,0x0000003ccd200000] [id=28236]
  0x000001b9a27035f0 GCTaskThread "GC Thread#0" [stack: 0x0000003ccc100000,0x0000003ccc200000] [id=28296]
  0x000001b9a2712be0 ConcurrentGCThread "G1 Main Marker" [stack: 0x0000003ccc200000,0x0000003ccc300000] [id=14116]
  0x000001b9a2713b70 ConcurrentGCThread "G1 Conc#0" [stack: 0x0000003ccc300000,0x0000003ccc400000] [id=232]
  0x000001b9c5580490 ConcurrentGCThread "G1 Refine#0" [stack: 0x0000003ccc400000,0x0000003ccc500000] [id=27892]
  0x000001b9c5580e20 ConcurrentGCThread "G1 Service" [stack: 0x0000003ccc500000,0x0000003ccc600000] [id=23604]

Threads with active compile tasks:

VM state: not at safepoint (normal execution)

VM Mutex/Monitor currently owned by a thread:  ([mutex/lock_event])
[0x000001b9a26b3160] MetaspaceExpand_lock - owner thread: 0x000001b9c6d2bd60

Heap address: 0x0000000721000000, size: 3568 MB, Compressed Oops mode: Zero based, Oop shift amount: 3

CDS archive(s) mapped at: [0x0000000800000000-0x0000000800bb0000-0x0000000800bb0000), size 12255232, SharedBaseAddress: 0x0000000800000000, ArchiveRelocationMode: 0.
Compressed class space mapped at: 0x0000000800c00000-0x0000000840c00000, reserved size: 1073741824
Narrow klass base: 0x0000000800000000, Narrow klass shift: 3, Narrow klass range: 0x100000000

GC Precious Log:
 CPUs: 4 total, 4 available
 Memory: 14267M
 Large Page Support: Disabled
 NUMA Support: Disabled
 Compressed Oops: Enabled (Zero based)
 Heap Region Size: 2M
 Heap Min Capacity: 8M
 Heap Initial Capacity: 224M
 Heap Max Capacity: 3568M
 Pre-touch: Disabled
 Parallel Workers: 4
 Concurrent Workers: 1
 Concurrent Refinement Workers: 4
 Periodic GC: Disabled

Heap:
 garbage-first heap   total 229376K, used 4096K [0x0000000721000000, 0x0000000800000000)
  region size 2048K, 4 young (8192K), 0 survivors (0K)
 Metaspace       used 7053K, committed 7232K, reserved 1056768K
  class space    used 813K, committed 960K, reserved 1048576K

Heap Regions: E=young(eden), S=young(survivor), O=old, HS=humongous(starts), HC=humongous(continues), CS=collection set, F=free, OA=open archive, CA=closed archive, TAMS=top-at-mark-start (previous, next)
|   0|0x0000000721000000, 0x0000000721000000, 0x0000000721200000|  0%| F|  |TAMS 0x0000000721000000, 0x0000000721000000| Untracked 
|   1|0x0000000721200000, 0x0000000721200000, 0x0000000721400000|  0%| F|  |TAMS 0x0000000721200000, 0x0000000721200000| Untracked 
|   2|0x0000000721400000, 0x0000000721400000, 0x0000000721600000|  0%| F|  |TAMS 0x0000000721400000, 0x0000000721400000| Untracked 
|   3|0x0000000721600000, 0x0000000721600000, 0x0000000721800000|  0%| F|  |TAMS 0x0000000721600000, 0x0000000721600000| Untracked 
|   4|0x0000000721800000, 0x0000000721800000, 0x0000000721a00000|  0%| F|  |TAMS 0x0000000721800000, 0x0000000721800000| Untracked 
|   5|0x0000000721a00000, 0x0000000721a00000, 0x0000000721c00000|  0%| F|  |TAMS 0x0000000721a00000, 0x0000000721a00000| Untracked 
|   6|0x0000000721c00000, 0x0000000721c00000, 0x0000000721e00000|  0%| F|  |TAMS 0x0000000721c00000, 0x0000000721c00000| Untracked 
|   7|0x0000000721e00000, 0x0000000721e00000, 0x0000000722000000|  0%| F|  |TAMS 0x0000000721e00000, 0x0000000721e00000| Untracked 
|   8|0x0000000722000000, 0x0000000722000000, 0x0000000722200000|  0%| F|  |TAMS 0x0000000722000000, 0x0000000722000000| Untracked 
|   9|0x0000000722200000, 0x0000000722200000, 0x0000000722400000|  0%| F|  |TAMS 0x0000000722200000, 0x0000000722200000| Untracked 
|  10|0x0000000722400000, 0x0000000722400000, 0x0000000722600000|  0%| F|  |TAMS 0x0000000722400000, 0x0000000722400000| Untracked 
|  11|0x0000000722600000, 0x0000000722600000, 0x0000000722800000|  0%| F|  |TAMS 0x0000000722600000, 0x0000000722600000| Untracked 
|  12|0x0000000722800000, 0x0000000722800000, 0x0000000722a00000|  0%| F|  |TAMS 0x0000000722800000, 0x0000000722800000| Untracked 
|  13|0x0000000722a00000, 0x0000000722a00000, 0x0000000722c00000|  0%| F|  |TAMS 0x0000000722a00000, 0x0000000722a00000| Untracked 
|  14|0x0000000722c00000, 0x0000000722c00000, 0x0000000722e00000|  0%| F|  |TAMS 0x0000000722c00000, 0x0000000722c00000| Untracked 
|  15|0x0000000722e00000, 0x0000000722e00000, 0x0000000723000000|  0%| F|  |TAMS 0x0000000722e00000, 0x0000000722e00000| Untracked 
|  16|0x0000000723000000, 0x0000000723000000, 0x0000000723200000|  0%| F|  |TAMS 0x0000000723000000, 0x0000000723000000| Untracked 
|  17|0x0000000723200000, 0x0000000723200000, 0x0000000723400000|  0%| F|  |TAMS 0x0000000723200000, 0x0000000723200000| Untracked 
|  18|0x0000000723400000, 0x0000000723400000, 0x0000000723600000|  0%| F|  |TAMS 0x0000000723400000, 0x0000000723400000| Untracked 
|  19|0x0000000723600000, 0x0000000723600000, 0x0000000723800000|  0%| F|  |TAMS 0x0000000723600000, 0x0000000723600000| Untracked 
|  20|0x0000000723800000, 0x0000000723800000, 0x0000000723a00000|  0%| F|  |TAMS 0x0000000723800000, 0x0000000723800000| Untracked 
|  21|0x0000000723a00000, 0x0000000723a00000, 0x0000000723c00000|  0%| F|  |TAMS 0x0000000723a00000, 0x0000000723a00000| Untracked 
|  22|0x0000000723c00000, 0x0000000723c00000, 0x0000000723e00000|  0%| F|  |TAMS 0x0000000723c00000, 0x0000000723c00000| Untracked 
|  23|0x0000000723e00000, 0x0000000723e00000, 0x0000000724000000|  0%| F|  |TAMS 0x0000000723e00000, 0x0000000723e00000| Untracked 
|  24|0x0000000724000000, 0x0000000724000000, 0x0000000724200000|  0%| F|  |TAMS 0x0000000724000000, 0x0000000724000000| Untracked 
|  25|0x0000000724200000, 0x0000000724200000, 0x0000000724400000|  0%| F|  |TAMS 0x0000000724200000, 0x0000000724200000| Untracked 
|  26|0x0000000724400000, 0x0000000724400000, 0x0000000724600000|  0%| F|  |TAMS 0x0000000724400000, 0x0000000724400000| Untracked 
|  27|0x0000000724600000, 0x0000000724600000, 0x0000000724800000|  0%| F|  |TAMS 0x0000000724600000, 0x0000000724600000| Untracked 
|  28|0x0000000724800000, 0x0000000724800000, 0x0000000724a00000|  0%| F|  |TAMS 0x0000000724800000, 0x0000000724800000| Untracked 
|  29|0x0000000724a00000, 0x0000000724a00000, 0x0000000724c00000|  0%| F|  |TAMS 0x0000000724a00000, 0x0000000724a00000| Untracked 
|  30|0x0000000724c00000, 0x0000000724c00000, 0x0000000724e00000|  0%| F|  |TAMS 0x0000000724c00000, 0x0000000724c00000| Untracked 
|  31|0x0000000724e00000, 0x0000000724e00000, 0x0000000725000000|  0%| F|  |TAMS 0x0000000724e00000, 0x0000000724e00000| Untracked 
|  32|0x0000000725000000, 0x0000000725000000, 0x0000000725200000|  0%| F|  |TAMS 0x0000000725000000, 0x0000000725000000| Untracked 
|  33|0x0000000725200000, 0x0000000725200000, 0x0000000725400000|  0%| F|  |TAMS 0x0000000725200000, 0x0000000725200000| Untracked 
|  34|0x0000000725400000, 0x0000000725400000, 0x0000000725600000|  0%| F|  |TAMS 0x0000000725400000, 0x0000000725400000| Untracked 
|  35|0x0000000725600000, 0x0000000725600000, 0x0000000725800000|  0%| F|  |TAMS 0x0000000725600000, 0x0000000725600000| Untracked 
|  36|0x0000000725800000, 0x0000000725800000, 0x0000000725a00000|  0%| F|  |TAMS 0x0000000725800000, 0x0000000725800000| Untracked 
|  37|0x0000000725a00000, 0x0000000725a00000, 0x0000000725c00000|  0%| F|  |TAMS 0x0000000725a00000, 0x0000000725a00000| Untracked 
|  38|0x0000000725c00000, 0x0000000725c00000, 0x0000000725e00000|  0%| F|  |TAMS 0x0000000725c00000, 0x0000000725c00000| Untracked 
|  39|0x0000000725e00000, 0x0000000725e00000, 0x0000000726000000|  0%| F|  |TAMS 0x0000000725e00000, 0x0000000725e00000| Untracked 
|  40|0x0000000726000000, 0x0000000726000000, 0x0000000726200000|  0%| F|  |TAMS 0x0000000726000000, 0x0000000726000000| Untracked 
|  41|0x0000000726200000, 0x0000000726200000, 0x0000000726400000|  0%| F|  |TAMS 0x0000000726200000, 0x0000000726200000| Untracked 
|  42|0x0000000726400000, 0x0000000726400000, 0x0000000726600000|  0%| F|  |TAMS 0x0000000726400000, 0x0000000726400000| Untracked 
|  43|0x0000000726600000, 0x0000000726600000, 0x0000000726800000|  0%| F|  |TAMS 0x0000000726600000, 0x0000000726600000| Untracked 
|  44|0x0000000726800000, 0x0000000726800000, 0x0000000726a00000|  0%| F|  |TAMS 0x0000000726800000, 0x0000000726800000| Untracked 
|  45|0x0000000726a00000, 0x0000000726a00000, 0x0000000726c00000|  0%| F|  |TAMS 0x0000000726a00000, 0x0000000726a00000| Untracked 
|  46|0x0000000726c00000, 0x0000000726c00000, 0x0000000726e00000|  0%| F|  |TAMS 0x0000000726c00000, 0x0000000726c00000| Untracked 
|  47|0x0000000726e00000, 0x0000000726e00000, 0x0000000727000000|  0%| F|  |TAMS 0x0000000726e00000, 0x0000000726e00000| Untracked 
|  48|0x0000000727000000, 0x0000000727000000, 0x0000000727200000|  0%| F|  |TAMS 0x0000000727000000, 0x0000000727000000| Untracked 
|  49|0x0000000727200000, 0x0000000727200000, 0x0000000727400000|  0%| F|  |TAMS 0x0000000727200000, 0x0000000727200000| Untracked 
|  50|0x0000000727400000, 0x0000000727400000, 0x0000000727600000|  0%| F|  |TAMS 0x0000000727400000, 0x0000000727400000| Untracked 
|  51|0x0000000727600000, 0x0000000727600000, 0x0000000727800000|  0%| F|  |TAMS 0x0000000727600000, 0x0000000727600000| Untracked 
|  52|0x0000000727800000, 0x0000000727800000, 0x0000000727a00000|  0%| F|  |TAMS 0x0000000727800000, 0x0000000727800000| Untracked 
|  53|0x0000000727a00000, 0x0000000727a00000, 0x0000000727c00000|  0%| F|  |TAMS 0x0000000727a00000, 0x0000000727a00000| Untracked 
|  54|0x0000000727c00000, 0x0000000727c00000, 0x0000000727e00000|  0%| F|  |TAMS 0x0000000727c00000, 0x0000000727c00000| Untracked 
|  55|0x0000000727e00000, 0x0000000727e00000, 0x0000000728000000|  0%| F|  |TAMS 0x0000000727e00000, 0x0000000727e00000| Untracked 
|  56|0x0000000728000000, 0x0000000728000000, 0x0000000728200000|  0%| F|  |TAMS 0x0000000728000000, 0x0000000728000000| Untracked 
|  57|0x0000000728200000, 0x0000000728200000, 0x0000000728400000|  0%| F|  |TAMS 0x0000000728200000, 0x0000000728200000| Untracked 
|  58|0x0000000728400000, 0x0000000728400000, 0x0000000728600000|  0%| F|  |TAMS 0x0000000728400000, 0x0000000728400000| Untracked 
|  59|0x0000000728600000, 0x0000000728600000, 0x0000000728800000|  0%| F|  |TAMS 0x0000000728600000, 0x0000000728600000| Untracked 
|  60|0x0000000728800000, 0x0000000728800000, 0x0000000728a00000|  0%| F|  |TAMS 0x0000000728800000, 0x0000000728800000| Untracked 
|  61|0x0000000728a00000, 0x0000000728a00000, 0x0000000728c00000|  0%| F|  |TAMS 0x0000000728a00000, 0x0000000728a00000| Untracked 
|  62|0x0000000728c00000, 0x0000000728c00000, 0x0000000728e00000|  0%| F|  |TAMS 0x0000000728c00000, 0x0000000728c00000| Untracked 
|  63|0x0000000728e00000, 0x0000000728e00000, 0x0000000729000000|  0%| F|  |TAMS 0x0000000728e00000, 0x0000000728e00000| Untracked 
|  64|0x0000000729000000, 0x0000000729000000, 0x0000000729200000|  0%| F|  |TAMS 0x0000000729000000, 0x0000000729000000| Untracked 
|  65|0x0000000729200000, 0x0000000729200000, 0x0000000729400000|  0%| F|  |TAMS 0x0000000729200000, 0x0000000729200000| Untracked 
|  66|0x0000000729400000, 0x0000000729400000, 0x0000000729600000|  0%| F|  |TAMS 0x0000000729400000, 0x0000000729400000| Untracked 
|  67|0x0000000729600000, 0x0000000729600000, 0x0000000729800000|  0%| F|  |TAMS 0x0000000729600000, 0x0000000729600000| Untracked 
|  68|0x0000000729800000, 0x0000000729800000, 0x0000000729a00000|  0%| F|  |TAMS 0x0000000729800000, 0x0000000729800000| Untracked 
|  69|0x0000000729a00000, 0x0000000729a00000, 0x0000000729c00000|  0%| F|  |TAMS 0x0000000729a00000, 0x0000000729a00000| Untracked 
|  70|0x0000000729c00000, 0x0000000729c00000, 0x0000000729e00000|  0%| F|  |TAMS 0x0000000729c00000, 0x0000000729c00000| Untracked 
|  71|0x0000000729e00000, 0x0000000729e00000, 0x000000072a000000|  0%| F|  |TAMS 0x0000000729e00000, 0x0000000729e00000| Untracked 
|  72|0x000000072a000000, 0x000000072a000000, 0x000000072a200000|  0%| F|  |TAMS 0x000000072a000000, 0x000000072a000000| Untracked 
|  73|0x000000072a200000, 0x000000072a200000, 0x000000072a400000|  0%| F|  |TAMS 0x000000072a200000, 0x000000072a200000| Untracked 
|  74|0x000000072a400000, 0x000000072a400000, 0x000000072a600000|  0%| F|  |TAMS 0x000000072a400000, 0x000000072a400000| Untracked 
|  75|0x000000072a600000, 0x000000072a600000, 0x000000072a800000|  0%| F|  |TAMS 0x000000072a600000, 0x000000072a600000| Untracked 
|  76|0x000000072a800000, 0x000000072a800000, 0x000000072aa00000|  0%| F|  |TAMS 0x000000072a800000, 0x000000072a800000| Untracked 
|  77|0x000000072aa00000, 0x000000072aa00000, 0x000000072ac00000|  0%| F|  |TAMS 0x000000072aa00000, 0x000000072aa00000| Untracked 
|  78|0x000000072ac00000, 0x000000072ac00000, 0x000000072ae00000|  0%| F|  |TAMS 0x000000072ac00000, 0x000000072ac00000| Untracked 
|  79|0x000000072ae00000, 0x000000072ae00000, 0x000000072b000000|  0%| F|  |TAMS 0x000000072ae00000, 0x000000072ae00000| Untracked 
|  80|0x000000072b000000, 0x000000072b000000, 0x000000072b200000|  0%| F|  |TAMS 0x000000072b000000, 0x000000072b000000| Untracked 
|  81|0x000000072b200000, 0x000000072b200000, 0x000000072b400000|  0%| F|  |TAMS 0x000000072b200000, 0x000000072b200000| Untracked 
|  82|0x000000072b400000, 0x000000072b400000, 0x000000072b600000|  0%| F|  |TAMS 0x000000072b400000, 0x000000072b400000| Untracked 
|  83|0x000000072b600000, 0x000000072b600000, 0x000000072b800000|  0%| F|  |TAMS 0x000000072b600000, 0x000000072b600000| Untracked 
|  84|0x000000072b800000, 0x000000072b800000, 0x000000072ba00000|  0%| F|  |TAMS 0x000000072b800000, 0x000000072b800000| Untracked 
|  85|0x000000072ba00000, 0x000000072ba00000, 0x000000072bc00000|  0%| F|  |TAMS 0x000000072ba00000, 0x000000072ba00000| Untracked 
|  86|0x000000072bc00000, 0x000000072bc00000, 0x000000072be00000|  0%| F|  |TAMS 0x000000072bc00000, 0x000000072bc00000| Untracked 
|  87|0x000000072be00000, 0x000000072be00000, 0x000000072c000000|  0%| F|  |TAMS 0x000000072be00000, 0x000000072be00000| Untracked 
|  88|0x000000072c000000, 0x000000072c000000, 0x000000072c200000|  0%| F|  |TAMS 0x000000072c000000, 0x000000072c000000| Untracked 
|  89|0x000000072c200000, 0x000000072c200000, 0x000000072c400000|  0%| F|  |TAMS 0x000000072c200000, 0x000000072c200000| Untracked 
|  90|0x000000072c400000, 0x000000072c400000, 0x000000072c600000|  0%| F|  |TAMS 0x000000072c400000, 0x000000072c400000| Untracked 
|  91|0x000000072c600000, 0x000000072c600000, 0x000000072c800000|  0%| F|  |TAMS 0x000000072c600000, 0x000000072c600000| Untracked 
|  92|0x000000072c800000, 0x000000072c800000, 0x000000072ca00000|  0%| F|  |TAMS 0x000000072c800000, 0x000000072c800000| Untracked 
|  93|0x000000072ca00000, 0x000000072ca00000, 0x000000072cc00000|  0%| F|  |TAMS 0x000000072ca00000, 0x000000072ca00000| Untracked 
|  94|0x000000072cc00000, 0x000000072cc00000, 0x000000072ce00000|  0%| F|  |TAMS 0x000000072cc00000, 0x000000072cc00000| Untracked 
|  95|0x000000072ce00000, 0x000000072ce00000, 0x000000072d000000|  0%| F|  |TAMS 0x000000072ce00000, 0x000000072ce00000| Untracked 
|  96|0x000000072d000000, 0x000000072d000000, 0x000000072d200000|  0%| F|  |TAMS 0x000000072d000000, 0x000000072d000000| Untracked 
|  97|0x000000072d200000, 0x000000072d200000, 0x000000072d400000|  0%| F|  |TAMS 0x000000072d200000, 0x000000072d200000| Untracked 
|  98|0x000000072d400000, 0x000000072d400000, 0x000000072d600000|  0%| F|  |TAMS 0x000000072d400000, 0x000000072d400000| Untracked 
|  99|0x000000072d600000, 0x000000072d600000, 0x000000072d800000|  0%| F|  |TAMS 0x000000072d600000, 0x000000072d600000| Untracked 
| 100|0x000000072d800000, 0x000000072d800000, 0x000000072da00000|  0%| F|  |TAMS 0x000000072d800000, 0x000000072d800000| Untracked 
| 101|0x000000072da00000, 0x000000072da00000, 0x000000072dc00000|  0%| F|  |TAMS 0x000000072da00000, 0x000000072da00000| Untracked 
| 102|0x000000072dc00000, 0x000000072dc00000, 0x000000072de00000|  0%| F|  |TAMS 0x000000072dc00000, 0x000000072dc00000| Untracked 
| 103|0x000000072de00000, 0x000000072de00000, 0x000000072e000000|  0%| F|  |TAMS 0x000000072de00000, 0x000000072de00000| Untracked 
| 104|0x000000072e000000, 0x000000072e000000, 0x000000072e200000|  0%| F|  |TAMS 0x000000072e000000, 0x000000072e000000| Untracked 
| 105|0x000000072e200000, 0x000000072e200000, 0x000000072e400000|  0%| F|  |TAMS 0x000000072e200000, 0x000000072e200000| Untracked 
| 106|0x000000072e400000, 0x000000072e400000, 0x000000072e600000|  0%| F|  |TAMS 0x000000072e400000, 0x000000072e400000| Untracked 
| 107|0x000000072e600000, 0x000000072e600000, 0x000000072e800000|  0%| F|  |TAMS 0x000000072e600000, 0x000000072e600000| Untracked 
| 108|0x000000072e800000, 0x000000072e8cecf8, 0x000000072ea00000| 40%| E|  |TAMS 0x000000072e800000, 0x000000072e800000| Complete 
| 109|0x000000072ea00000, 0x000000072eb33d80, 0x000000072ec00000| 60%| E|  |TAMS 0x000000072ea00000, 0x000000072ea00000| Complete 
| 110|0x000000072ec00000, 0x000000072ee00000, 0x000000072ee00000|100%| E|CS|TAMS 0x000000072ec00000, 0x000000072ec00000| Complete 
| 111|0x000000072ee00000, 0x000000072f000000, 0x000000072f000000|100%| E|CS|TAMS 0x000000072ee00000, 0x000000072ee00000| Complete 

Card table byte_map: [0x000001b9bb350000,0x000001b9bba50000] _byte_map_base: 0x000001b9b7a48000

Marking Bits (Prev, Next): (CMBitMap*) 0x000001b9a2703b70, (CMBitMap*) 0x000001b9a2703bb0
 Prev Bits: [0x000001b9bc150000, 0x000001b9bf910000)
 Next Bits: [0x000001b9bf910000, 0x000001b9c30d0000)

Polling page: 0x000001b9a27a0000

Metaspace:

Usage:
  Non-class:      6.09 MB used.
      Class:    813.34 KB used.
       Both:      6.89 MB used.

Virtual space:
  Non-class space:        8.00 MB reserved,       6.12 MB ( 77%) committed,  1 nodes.
      Class space:        1.00 GB reserved,     960.00 KB ( <1%) committed,  1 nodes.
              Both:        1.01 GB reserved,       7.06 MB ( <1%) committed. 

Chunk freelists:
   Non-Class:  1.00 MB
       Class:  3.12 MB
        Both:  4.12 MB

MaxMetaspaceSize: 17179869184.00 GB
CompressedClassSpaceSize: 1.00 GB
 - commit_granule_bytes: 65536.
 - commit_granule_words: 8192.
 - virtual_space_node_default_size: 1048576.
 - enlarge_chunks_in_place: 1.
 - new_chunks_are_fully_committed: 0.
 - uncommit_free_chunks: 1.
 - use_allocation_guard: 0.
 - handle_deallocations: 1.


Internal statistics:

num_allocs_failed_limit: 0.
num_arena_births: 108.
num_arena_deaths: 0.
num_vsnodes_births: 2.
num_vsnodes_deaths: 0.
num_space_committed: 113.
num_space_uncommitted: 0.
num_chunks_returned_to_freelist: 0.
num_chunks_taken_from_freelist: 135.
num_chunk_merges: 0.
num_chunk_splits: 84.
num_chunks_enlarged: 44.
num_purges: 0.

CodeHeap 'non-profiled nmethods': size=120000Kb used=165Kb max_used=165Kb free=119834Kb
 bounds [0x000001b9b30e0000, 0x000001b9b3350000, 0x000001b9ba610000]
CodeHeap 'profiled nmethods': size=120000Kb used=890Kb max_used=890Kb free=119109Kb
 bounds [0x000001b9abbb0000, 0x000001b9abe20000, 0x000001b9b30e0000]
CodeHeap 'non-nmethods': size=5760Kb used=1253Kb max_used=1253Kb free=4506Kb
 bounds [0x000001b9ab610000, 0x000001b9ab880000, 0x000001b9abbb0000]
 total_blobs=1184 nmethods=616 adapters=481
 compilation: enabled
              stopped_count=0, restarted_count=0
 full_count=0

Compilation events (20 events):
Event: 0.642 Thread 0x000001b9c56f1a60  607       3       sun.java2d.loops.GraphicsPrimitiveMgr$1::compare (33 bytes)
Event: 0.642 Thread 0x000001b9c56f1a60 nmethod 607 0x000001b9abc8bf10 code [0x000001b9abc8c0c0, 0x000001b9abc8c2f8]
Event: 0.642 Thread 0x000001b9c56f0050  608       4       sun.java2d.loops.GraphicsPrimitiveMgr$1::compare (13 bytes)
Event: 0.642 Thread 0x000001b9c56f1a60  609       3       sun.java2d.loops.GraphicsPrimitiveMgr$2::compare (39 bytes)
Event: 0.642 Thread 0x000001b9c56f1a60 nmethod 609 0x000001b9abc8c410 code [0x000001b9abc8c5e0, 0x000001b9abc8ca18]
Event: 0.642 Thread 0x000001b9c56f1a60  610       1       sun.java2d.loops.CompositeType::getSuperType (5 bytes)
Event: 0.643 Thread 0x000001b9c56f1a60 nmethod 610 0x000001b9b3108790 code [0x000001b9b3108920, 0x000001b9b31089f8]
Event: 0.643 Thread 0x000001b9c56f1a60  611       3       java.util.Arrays::binarySearch0 (95 bytes)
Event: 0.643 Thread 0x000001b9c56f1a60 nmethod 611 0x000001b9abc8cb10 code [0x000001b9abc8cd00, 0x000001b9abc8d138]
Event: 0.643 Thread 0x000001b9c56f1a60  612       3       sun.java2d.loops.GraphicsPrimitiveMgr::locate (104 bytes)
Event: 0.643 Thread 0x000001b9c56f0050 nmethod 608 0x000001b9b3108a90 code [0x000001b9b3108c20, 0x000001b9b3108d58]
Event: 0.643 Thread 0x000001b9c56f0050  615       4       sun.java2d.loops.GraphicsPrimitiveMgr$2::compare (39 bytes)
Event: 0.643 Thread 0x000001b9c56f1a60 nmethod 612 0x000001b9abc8d310 code [0x000001b9abc8d560, 0x000001b9abc8e038]
Event: 0.643 Thread 0x000001b9c56f1a60  613       3       java.util.Arrays::binarySearch (10 bytes)
Event: 0.643 Thread 0x000001b9c56f1a60 nmethod 613 0x000001b9abc8e290 code [0x000001b9abc8e440, 0x000001b9abc8e568]
Event: 0.643 Thread 0x000001b9c56f1a60  614       1       sun.java2d.loops.SurfaceType::getSuperType (5 bytes)
Event: 0.643 Thread 0x000001b9c56f1a60 nmethod 614 0x000001b9b3108e90 code [0x000001b9b3109020, 0x000001b9b31090f8]
Event: 0.643 Thread 0x000001b9c56f1a60  616       3       java.util.concurrent.ConcurrentHashMap$ValueIterator::next (34 bytes)
Event: 0.644 Thread 0x000001b9c56f1a60 nmethod 616 0x000001b9abc8e610 code [0x000001b9abc8e7e0, 0x000001b9abc8ea58]
Event: 0.644 Thread 0x000001b9c56f0050 nmethod 615 0x000001b9b3109190 code [0x000001b9b3109320, 0x000001b9b3109438]

GC Heap History (0 events):
No events

Deoptimization events (0 events):
No events

Classes unloaded (0 events):
No events

Classes redefined (0 events):
No events

Internal exceptions (13 events):
Event: 0.230 Thread 0x000001b9a26b8d90 Exception <a 'java/lang/NoSuchMethodError'{0x000000072ef1bdb8}: 'void java.lang.invoke.DirectMethodHandle$Holder.invokeSpecial(java.lang.Object, java.lang.Object, java.lang.Object)'> (0x000000072ef1bdb8) 
thrown [t:\workspace\open\src\hotspot\share\interpreter\linkResolver.cpp, line 790]
Event: 0.244 Thread 0x000001b9a26b8d90 Exception <a 'java/lang/ClassNotFoundException'{0x000000072ef3caa0}: sun/awt/resources/spi/awtProvider> (0x000000072ef3caa0) 
thrown [t:\workspace\open\src\hotspot\share\classfile\systemDictionary.cpp, line 256]
Event: 0.275 Thread 0x000001b9a26b8d90 Exception <a 'java/io/FileNotFoundException'{0x000000072ef96588}> (0x000000072ef96588) 
thrown [t:\workspace\open\src\hotspot\share\prims\jni.cpp, line 579]
Event: 0.284 Thread 0x000001b9a26b8d90 Exception <a 'java/io/FileNotFoundException'{0x000000072efc50d0}> (0x000000072efc50d0) 
thrown [t:\workspace\open\src\hotspot\share\prims\jni.cpp, line 579]
Event: 0.284 Thread 0x000001b9a26b8d90 Exception <a 'java/lang/NoSuchMethodError'{0x000000072efc62f8}: 'java.lang.Object java.lang.invoke.DirectMethodHandle$Holder.invokeStatic(java.lang.Object)'> (0x000000072efc62f8) 
thrown [t:\workspace\open\src\hotspot\share\interpreter\linkResolver.cpp, line 790]
Event: 0.329 Thread 0x000001b9a26b8d90 Exception <a 'java/lang/NoSuchMethodError'{0x000000072ec1bdd8}: 'java.lang.Object java.lang.invoke.DirectMethodHandle$Holder.invokeStaticInit(java.lang.Object)'> (0x000000072ec1bdd8) 
thrown [t:\workspace\open\src\hotspot\share\interpreter\linkResolver.cpp, line 790]
Event: 0.466 Thread 0x000001b9a26b8d90 Exception <a 'java/lang/NoSuchMethodError'{0x000000072eccbcf8}: 'java.lang.Object java.lang.invoke.DirectMethodHandle$Holder.newInvokeSpecial(java.lang.Object, java.lang.Object, java.lang.Object, java.lang.Object, java.lang.Object)'> (0x000000072eccbcf8) 
thrown [t:\workspace\open\src\hotspot\share\interpreter\linkResolver.cpp, line 790]
Event: 0.468 Thread 0x000001b9a26b8d90 Exception <a 'java/lang/NoSuchMethodError'{0x000000072ecd77e0}: 'java.lang.Object java.lang.invoke.DirectMethodHandle$Holder.invokeStatic(java.lang.Object, int, java.lang.Object, java.lang.Object, java.lang.Object, java.lang.Object)'> (0x000000072ecd77e0) 
thrown [t:\workspace\open\src\hotspot\share\interpreter\linkResolver.cpp, line 790]
Event: 0.472 Thread 0x000001b9a26b8d90 Exception <a 'java/lang/NoSuchMethodError'{0x000000072ecfdc00}: 'java.lang.Object java.lang.invoke.DirectMethodHandle$Holder.invokeStatic(java.lang.Object, int, java.lang.Object)'> (0x000000072ecfdc00) 
thrown [t:\workspace\open\src\hotspot\share\interpreter\linkResolver.cpp, line 790]
Event: 0.493 Thread 0x000001b9a26b8d90 Exception <a 'java/lang/ClassNotFoundException'{0x000000072edb5f38}: com/sun/swing/internal/plaf/metal/resources/spi/metalProvider> (0x000000072edb5f38) 
thrown [t:\workspace\open\src\hotspot\share\classfile\systemDictionary.cpp, line 256]
Event: 0.494 Thread 0x000001b9a26b8d90 Exception <a 'java/lang/ClassNotFoundException'{0x000000072edb9d70}: com/sun/swing/internal/plaf/basic/resources/spi/basicProvider> (0x000000072edb9d70) 
thrown [t:\workspace\open\src\hotspot\share\classfile\systemDictionary.cpp, line 256]
Event: 0.559 Thread 0x000001b9a26b8d90 Exception <a 'java/lang/NoSuchMethodError'{0x000000072ea27670}: 'void java.lang.invoke.DirectMethodHandle$Holder.invokeStaticInit(java.lang.Object)'> (0x000000072ea27670) 
thrown [t:\workspace\open\src\hotspot\share\interpreter\linkResolver.cpp, line 790]
Event: 0.633 Thread 0x000001b9c63fe5a0 Exception <a 'java/lang/NoSuchMethodError'{0x000000072ec4e598}: 'void java.lang.invoke.DirectMethodHandle$Holder.invokeVirtual(java.lang.Object, java.lang.Object)'> (0x000000072ec4e598) 
thrown [t:\workspace\open\src\hotspot\share\interpreter\linkResolver.cpp, line 790]

Events (20 events):
Event: 0.655 loading class sun/swing/ImageCache done
Event: 0.655 loading class sun/swing/ImageCache$Entry
Event: 0.655 loading class sun/swing/ImageCache$Entry done
Event: 0.656 loading class sun/java2d/pipe/BufferedPaints
Event: 0.656 loading class sun/java2d/pipe/BufferedPaints done
Event: 0.656 loading class java/awt/GradientPaint
Event: 0.656 loading class java/awt/GradientPaint done
Event: 0.657 loading class sun/java2d/d3d/D3DPaints
Event: 0.657 loading class sun/java2d/d3d/D3DPaints done
Event: 0.657 loading class sun/java2d/d3d/D3DPaints$Gradient
Event: 0.657 loading class sun/java2d/d3d/D3DPaints$Gradient done
Event: 0.657 loading class sun/java2d/d3d/D3DPaints$LinearGradient
Event: 0.657 loading class sun/java2d/d3d/D3DPaints$MultiGradient
Event: 0.657 loading class sun/java2d/d3d/D3DPaints$MultiGradient done
Event: 0.657 loading class sun/java2d/d3d/D3DPaints$LinearGradient done
Event: 0.657 loading class sun/java2d/d3d/D3DPaints$RadialGradient
Event: 0.657 loading class sun/java2d/d3d/D3DPaints$RadialGradient done
Event: 0.657 loading class sun/java2d/d3d/D3DPaints$Texture
Event: 0.657 loading class sun/java2d/d3d/D3DPaints$Texture done
Event: 0.657 loading class sun/awt/image/ToolkitImage


Dynamic libraries:
0x00007ff682090000 - 0x00007ff6820a0000 	C:\Program Files\Java\jdk-16.0.2\bin\javaw.exe
0x00007fff81310000 - 0x00007fff81505000 	C:\Windows\SYSTEM32\ntdll.dll
0x00007fff7ffb0000 - 0x00007fff8006e000 	C:\Windows\System32\KERNEL32.DLL
0x00007fff7ead0000 - 0x00007fff7ed99000 	C:\Windows\System32\KERNELBASE.dll
0x00007fff7ee00000 - 0x00007fff7ef00000 	C:\Windows\System32\ucrtbase.dll
0x00007fff72240000 - 0x00007fff72259000 	C:\Program Files\Java\jdk-16.0.2\bin\VCRUNTIME140.dll
0x00007fff73db0000 - 0x00007fff73dc8000 	C:\Program Files\Java\jdk-16.0.2\bin\jli.dll
0x00007fff81220000 - 0x00007fff812cc000 	C:\Windows\System32\ADVAPI32.dll
0x00007fff80a60000 - 0x00007fff80afe000 	C:\Windows\System32\msvcrt.dll
0x00007fff80b00000 - 0x00007fff80b9b000 	C:\Windows\System32\sechost.dll
0x00007fff80070000 - 0x00007fff8019a000 	C:\Windows\System32\RPCRT4.dll
0x00007fff7fd80000 - 0x00007fff7ff21000 	C:\Windows\System32\USER32.dll
0x00007fff7edd0000 - 0x00007fff7edf2000 	C:\Windows\System32\win32u.dll
0x00007fff6ae80000 - 0x00007fff6b11a000 	C:\Windows\WinSxS\amd64_microsoft.windows.common-controls_6595b64144ccf1df_6.0.19041.1110_none_60b5254171f9507e\COMCTL32.dll
0x00007fff7f480000 - 0x00007fff7f4ab000 	C:\Windows\System32\GDI32.dll
0x00007fff7f250000 - 0x00007fff7f35b000 	C:\Windows\System32\gdi32full.dll
0x00007fff7ea30000 - 0x00007fff7eacd000 	C:\Windows\System32\msvcp_win.dll
0x00007fff77940000 - 0x00007fff7794a000 	C:\Windows\SYSTEM32\VERSION.dll
0x00007fff7fd50000 - 0x00007fff7fd80000 	C:\Windows\System32\IMM32.DLL
0x00007fff7c290000 - 0x00007fff7c29c000 	C:\Program Files\Java\jdk-16.0.2\bin\vcruntime140_1.dll
0x00007fff70f00000 - 0x00007fff70f91000 	C:\Program Files\Java\jdk-16.0.2\bin\msvcp140.dll
0x00007fff42320000 - 0x00007fff42ecb000 	C:\Program Files\Java\jdk-16.0.2\bin\server\jvm.dll
0x00007fff81210000 - 0x00007fff81218000 	C:\Windows\System32\PSAPI.DLL
0x00007fff76890000 - 0x00007fff768b7000 	C:\Windows\SYSTEM32\WINMM.dll
0x00007fff74a80000 - 0x00007fff74a89000 	C:\Windows\SYSTEM32\WSOCK32.dll
0x00007fff80350000 - 0x00007fff803bb000 	C:\Windows\System32\WS2_32.dll
0x00007fff7c950000 - 0x00007fff7c962000 	C:\Windows\SYSTEM32\kernel.appcore.dll
0x00007fff74950000 - 0x00007fff7495a000 	C:\Program Files\Java\jdk-16.0.2\bin\jimage.dll
0x00007fff6b470000 - 0x00007fff6b654000 	C:\Windows\SYSTEM32\DBGHELP.DLL
0x00007fff6b200000 - 0x00007fff6b22c000 	C:\Windows\SYSTEM32\dbgcore.DLL
0x00007fff7efb0000 - 0x00007fff7f033000 	C:\Windows\System32\bcryptPrimitives.dll
0x00007fff71ab0000 - 0x00007fff71ad5000 	C:\Program Files\Java\jdk-16.0.2\bin\java.dll
0x00007fff7f4b0000 - 0x00007fff7fbef000 	C:\Windows\System32\SHELL32.dll
0x00007fff7cb50000 - 0x00007fff7d2e0000 	C:\Windows\SYSTEM32\windows.storage.dll
0x00007fff80e00000 - 0x00007fff81155000 	C:\Windows\System32\combase.dll
0x00007fff7e3b0000 - 0x00007fff7e3dc000 	C:\Windows\SYSTEM32\Wldp.dll
0x00007fff80430000 - 0x00007fff804de000 	C:\Windows\System32\SHCORE.dll
0x00007fff804f0000 - 0x00007fff80545000 	C:\Windows\System32\shlwapi.dll
0x00007fff7e970000 - 0x00007fff7e98f000 	C:\Windows\SYSTEM32\profapi.dll
0x00007fff464c0000 - 0x00007fff46640000 	C:\Program Files\Java\jdk-16.0.2\bin\awt.dll
0x00007fff80ba0000 - 0x00007fff80c6d000 	C:\Windows\System32\OLEAUT32.dll
0x00007fff7c2c0000 - 0x00007fff7c350000 	C:\Windows\SYSTEM32\apphelp.dll
0x00007fff7c770000 - 0x00007fff7c79f000 	C:\Windows\system32\DWMAPI.DLL
0x00007fff7c490000 - 0x00007fff7c52e000 	C:\Windows\system32\uxtheme.dll
0x00007fff45ed0000 - 0x00007fff45ff5000 	C:\Windows\system32\opengl32.dll
0x00007fff72190000 - 0x00007fff721bc000 	C:\Windows\SYSTEM32\GLU32.dll
0x00007fff7f360000 - 0x00007fff7f475000 	C:\Windows\System32\MSCTF.dll
0x00007fff80c70000 - 0x00007fff80d9a000 	C:\Windows\System32\ole32.dll
0x00007fff4a610000 - 0x00007fff4a7de000 	C:\Windows\system32\d3d9.dll
0x00007fff768c0000 - 0x00007fff76a9b000 	C:\Windows\System32\DriverStore\FileRepository\u0359252.inf_amd64_e7e2949a173d20ef\B355563\aticfx64.dll
0x00007fff655d0000 - 0x00007fff65603000 	C:\Windows\System32\DriverStore\FileRepository\u0359252.inf_amd64_e7e2949a173d20ef\B355563\atiu9p64.dll
0x00007fff411c0000 - 0x00007fff41e56000 	C:\Windows\System32\DriverStore\FileRepository\u0359252.inf_amd64_e7e2949a173d20ef\B355563\atiumd64.dll
0x0000000060c00000 - 0x0000000061a7d000 	C:\Windows\System32\DriverStore\FileRepository\u0359252.inf_amd64_e7e2949a173d20ef\B355563\atiumd6a.dll
0x00007fff7e8a0000 - 0x00007fff7e8eb000 	C:\Windows\SYSTEM32\POWRPROF.dll
0x00007fff7e880000 - 0x00007fff7e892000 	C:\Windows\SYSTEM32\UMPDC.dll
0x00007fff74c40000 - 0x00007fff74c6f000 	C:\Windows\SYSTEM32\amdihk64.dll
0x00007fff79670000 - 0x00007fff796ab000 	C:\Windows\SYSTEM32\dxcore.dll
0x00007fff7ef60000 - 0x00007fff7efae000 	C:\Windows\System32\cfgmgr32.dll
0x00007fff65540000 - 0x00007fff655c9000 	C:\Program Files\Java\jdk-16.0.2\bin\freetype.dll
0x00007fff49cd0000 - 0x00007fff49dc6000 	C:\Program Files\Java\jdk-16.0.2\bin\harfbuzz.dll
0x00007fff72170000 - 0x00007fff72182000 	C:\Program Files\Java\jdk-16.0.2\bin\fontmanager.dll
0x00007fff81160000 - 0x00007fff81209000 	C:\Windows\System32\clbcatq.dll
0x00007fff780b0000 - 0x00007fff78264000 	C:\Windows\SYSTEM32\WindowsCodecs.dll
0x00007fff7eda0000 - 0x00007fff7edc7000 	C:\Windows\System32\bcrypt.dll
0x00007fff6fe50000 - 0x00007fff6fe8e000 	C:\Windows\system32\dataexchange.dll
0x00007fff7a8b0000 - 0x00007fff7ab14000 	C:\Windows\system32\d3d11.dll
0x00007fff7b6d0000 - 0x00007fff7b8b6000 	C:\Windows\system32\dcomp.dll
0x00007fff7d320000 - 0x00007fff7d414000 	C:\Windows\system32\dxgi.dll
0x00007fff783d0000 - 0x00007fff785d1000 	C:\Windows\system32\twinapi.appcore.dll
0x00007fff741d0000 - 0x00007fff742c9000 	C:\Windows\SYSTEM32\textinputframework.dll
0x00007fff7bc40000 - 0x00007fff7bf9e000 	C:\Windows\System32\CoreUIComponents.dll
0x00007fff7bfa0000 - 0x00007fff7c092000 	C:\Windows\System32\CoreMessaging.dll
0x00007fff7b430000 - 0x00007fff7b584000 	C:\Windows\SYSTEM32\wintypes.dll
0x00007fff7d720000 - 0x00007fff7d753000 	C:\Windows\SYSTEM32\ntmarta.dll

dbghelp: loaded successfully - version: 4.0.5 - missing functions: none
symbol engine: initialized successfully - sym options: 0x614 - pdb path: .;C:\Program Files\Java\jdk-16.0.2\bin;C:\Windows\SYSTEM32;C:\Windows\WinSxS\amd64_microsoft.windows.common-controls_6595b64144ccf1df_6.0.19041.1110_none_60b5254171f9507e;C:\Program Files\Java\jdk-16.0.2\bin\server;C:\Windows\System32\DriverStore\FileRepository\u0359252.inf_amd64_e7e2949a173d20ef\B355563

VM Arguments:
jvm_args: -Dfile.encoding=Cp1252 -XX:+ShowCodeDetailsInExceptionMessages 
java_command: Libreria
java_class_path (initial): C:\Users\Ulises\eclipse-workspace\PrimerParcial\bin
Launcher Type: SUN_STANDARD

[Global flags]
     intx CICompilerCount                          = 3                                         {product} {ergonomic}
     uint ConcGCThreads                            = 1                                         {product} {ergonomic}
     uint G1ConcRefinementThreads                  = 4                                         {product} {ergonomic}
   size_t G1HeapRegionSize                         = 2097152                                   {product} {ergonomic}
    uintx GCDrainStackTargetSize                   = 64                                        {product} {ergonomic}
   size_t InitialHeapSize                          = 234881024                                 {product} {ergonomic}
   size_t MarkStackSize                            = 4194304                                   {product} {ergonomic}
   size_t MaxHeapSize                              = 3741319168                                {product} {ergonomic}
   size_t MaxNewSize                               = 2243952640                                {product} {ergonomic}
   size_t MinHeapDeltaBytes                        = 2097152                                   {product} {ergonomic}
   size_t MinHeapSize                              = 8388608                                   {product} {ergonomic}
    uintx NonNMethodCodeHeapSize                   = 5832780                                {pd product} {ergonomic}
    uintx NonProfiledCodeHeapSize                  = 122912730                              {pd product} {ergonomic}
    uintx ProfiledCodeHeapSize                     = 122912730                              {pd product} {ergonomic}
    uintx ReservedCodeCacheSize                    = 251658240                              {pd product} {ergonomic}
     bool SegmentedCodeCache                       = true                                      {product} {ergonomic}
     bool ShowCodeDetailsInExceptionMessages       = true                                   {manageable} {command line}
   size_t SoftMaxHeapSize                          = 3741319168                             {manageable} {ergonomic}
     bool UseCompressedClassPointers               = true                           {product lp64_product} {ergonomic}
     bool UseCompressedOops                        = true                           {product lp64_product} {ergonomic}
     bool UseG1GC                                  = true                                      {product} {ergonomic}
     bool UseLargePagesIndividualAllocation        = false                                  {pd product} {ergonomic}

Logging:
Log output configuration:
 #0: stdout all=warning uptime,level,tags
 #1: stderr all=off uptime,level,tags

Environment Variables:
PATH=C:/Program Files/Java/jdk-16.0.2/bin/server;C:/Program Files/Java/jdk-16.0.2/bin;C:\Program Files\Common Files\Oracle\Java\javapath;C:\Program Files (x86)\Common Files\Oracle\Java\javapath;C:\Windows\system32;C:\Windows;C:\Windows\System32\Wbem;C:\Windows\System32\WindowsPowerShell\v1.0\;C:\Windows\System32\OpenSSH\;C:\Program Files\dotnet\;C:\Program Files\Microsoft SQL Server\130\Tools\Binn\;C:\Program Files\Microsoft SQL Server\Client SDK\ODBC\170\Tools\Binn\;C:\Program Files (x86)\dotnet\;C:\Users\Ulises\AppData\Local\Programs\Python\Python39\Scripts\;C:\Users\Ulises\AppData\Local\Programs\Python\Python39\;C:\Users\Ulises\AppData\Local\Microsoft\WindowsApps;C:\Users\Ulises\.dotnet\tools;C:\Users\Ulises\AppData\Local\Programs\Microsoft VS Code\bin;C:\Users\Ulises\Desktop;
USERNAME=Eliseo
OS=Windows_NT
PROCESSOR_IDENTIFIER=AMD64 Family 23 Model 24 Stepping 1, AuthenticAMD



---------------  S Y S T E M  ---------------

OS:
 Windows 10 , 64 bit Build 19041 (10.0.19041.1202)
OS uptime: 4 days 15:03 hours

CPU: total 4 (initial active 4) (4 cores per cpu, 1 threads per core) family 23 model 24 stepping 1 microcode 0x0, cx8, cmov, fxsr, mmx, 3dnowpref, sse, sse2, sse3, ssse3, sse4a, sse4.1, sse4.2, popcnt, lzcnt, tsc, tscinvbit, avx, avx2, aes, clmul, bmi1, bmi2, adx, sha, fma, vzeroupper, clflush, clflushopt

Memory: 4k page, system-wide physical 14267M (5525M free)
TotalPageFile size 42805M (AvailPageFile size 3M)
current process WorkingSet (physical memory assigned to process): 67M, peak: 67M
current process commit charge ("private bytes"): 332M, peak: 333M

vm_info: Java HotSpot(TM) 64-Bit Server VM (16.0.2+7-67) for windows-amd64 JRE (16.0.2+7-67), built on Jun  8 2021 23:24:19 by "mach5one" with MS VC++ 16.7 (VS2019)

END.
